<?xml version="1.0" encoding="UTF-8"?>
<coverage generated="1721933443759" clover="3.2.0">
  <project timestamp="1721933443759" name="All files">
    <metrics statements="538" coveredstatements="400" conditionals="71" coveredconditionals="49" methods="49" coveredmethods="33" elements="658" coveredelements="482" complexity="0" loc="538" ncloc="538" packages="9" files="23" classes="23"/>
    <package name="src">
      <metrics statements="56" coveredstatements="40" conditionals="3" coveredconditionals="2" methods="3" coveredmethods="2"/>
      <file name="App.tsx" path="D:\Frontend\Progect\rss2023\REACT2024Q3\src\App.tsx">
        <metrics statements="19" coveredstatements="19" conditionals="1" coveredconditionals="1" methods="1" coveredmethods="1"/>
        <line num="1" count="1" type="stmt"/>
        <line num="2" count="1" type="stmt"/>
        <line num="3" count="1" type="stmt"/>
        <line num="4" count="1" type="stmt"/>
        <line num="5" count="1" type="stmt"/>
        <line num="6" count="1" type="stmt"/>
        <line num="7" count="1" type="stmt"/>
        <line num="9" count="4" type="cond" truecount="1" falsecount="0"/>
        <line num="10" count="4" type="stmt"/>
        <line num="11" count="4" type="stmt"/>
        <line num="12" count="4" type="stmt"/>
        <line num="13" count="4" type="stmt"/>
        <line num="14" count="4" type="stmt"/>
        <line num="15" count="4" type="stmt"/>
        <line num="16" count="4" type="stmt"/>
        <line num="17" count="4" type="stmt"/>
        <line num="18" count="4" type="stmt"/>
        <line num="19" count="4" type="stmt"/>
        <line num="21" count="4" type="stmt"/>
      </file>
      <file name="main.tsx" path="D:\Frontend\Progect\rss2023\REACT2024Q3\src\main.tsx">
        <metrics statements="16" coveredstatements="0" conditionals="1" coveredconditionals="0" methods="1" coveredmethods="0"/>
        <line num="1" count="0" type="cond" truecount="0" falsecount="1"/>
        <line num="2" count="0" type="stmt"/>
        <line num="3" count="0" type="stmt"/>
        <line num="4" count="0" type="stmt"/>
        <line num="5" count="0" type="stmt"/>
        <line num="6" count="0" type="stmt"/>
        <line num="7" count="0" type="stmt"/>
        <line num="9" count="0" type="stmt"/>
        <line num="10" count="0" type="stmt"/>
        <line num="11" count="0" type="stmt"/>
        <line num="12" count="0" type="stmt"/>
        <line num="13" count="0" type="stmt"/>
        <line num="14" count="0" type="stmt"/>
        <line num="15" count="0" type="stmt"/>
        <line num="16" count="0" type="stmt"/>
        <line num="17" count="0" type="stmt"/>
      </file>
      <file name="store.tsx" path="D:\Frontend\Progect\rss2023\REACT2024Q3\src\store.tsx">
        <metrics statements="21" coveredstatements="21" conditionals="1" coveredconditionals="1" methods="1" coveredmethods="1"/>
        <line num="1" count="1" type="stmt"/>
        <line num="2" count="1" type="stmt"/>
        <line num="3" count="1" type="stmt"/>
        <line num="4" count="1" type="stmt"/>
        <line num="5" count="1" type="stmt"/>
        <line num="6" count="1" type="stmt"/>
        <line num="7" count="1" type="stmt"/>
        <line num="8" count="1" type="stmt"/>
        <line num="10" count="1" type="stmt"/>
        <line num="11" count="1" type="stmt"/>
        <line num="12" count="1" type="stmt"/>
        <line num="13" count="1" type="stmt"/>
        <line num="14" count="1" type="stmt"/>
        <line num="15" count="1" type="stmt"/>
        <line num="16" count="1" type="stmt"/>
        <line num="17" count="1" type="stmt"/>
        <line num="18" count="1" type="stmt"/>
        <line num="19" count="1" type="cond" truecount="1" falsecount="0"/>
        <line num="20" count="5" type="stmt"/>
        <line num="21" count="1" type="stmt"/>
        <line num="23" count="1" type="stmt"/>
      </file>
    </package>
    <package name="src.components">
      <metrics statements="209" coveredstatements="149" conditionals="34" coveredconditionals="22" methods="21" coveredmethods="16"/>
      <file name="AstronomicalObjectDetails.tsx" path="D:\Frontend\Progect\rss2023\REACT2024Q3\src\components\AstronomicalObjectDetails.tsx">
        <metrics statements="50" coveredstatements="25" conditionals="13" coveredconditionals="3" methods="2" coveredmethods="1"/>
        <line num="1" count="1" type="stmt"/>
        <line num="2" count="1" type="stmt"/>
        <line num="3" count="1" type="stmt"/>
        <line num="5" count="1" type="stmt"/>
        <line num="6" count="1" type="stmt"/>
        <line num="8" count="1" type="stmt"/>
        <line num="10" count="2" type="cond" truecount="1" falsecount="0"/>
        <line num="11" count="2" type="stmt"/>
        <line num="12" count="2" type="stmt"/>
        <line num="13" count="2" type="stmt"/>
        <line num="14" count="2" type="stmt"/>
        <line num="15" count="2" type="cond" truecount="1" falsecount="0"/>
        <line num="17" count="2" type="cond" truecount="1" falsecount="0"/>
        <line num="18" count="1" type="cond" truecount="0" falsecount="2"/>
        <line num="19" count="0" type="stmt"/>
        <line num="20" count="0" type="stmt"/>
        <line num="21" count="2" type="stmt"/>
        <line num="23" count="2" type="stmt"/>
        <line num="24" count="0" type="stmt"/>
        <line num="25" count="0" type="stmt"/>
        <line num="26" count="0" type="stmt"/>
        <line num="28" count="2" type="stmt"/>
        <line num="29" count="2" type="stmt"/>
        <line num="30" count="2" type="cond" truecount="0" falsecount="1"/>
        <line num="32" count="0" type="stmt"/>
        <line num="33" count="0" type="stmt"/>
        <line num="34" count="0" type="stmt"/>
        <line num="36" count="0" type="stmt"/>
        <line num="37" count="0" type="stmt"/>
        <line num="38" count="0" type="stmt"/>
        <line num="40" count="0" type="stmt"/>
        <line num="42" count="0" type="stmt"/>
        <line num="43" count="0" type="stmt"/>
        <line num="44" count="0" type="stmt"/>
        <line num="45" count="0" type="stmt"/>
        <line num="46" count="0" type="stmt"/>
        <line num="47" count="2" type="cond" truecount="0" falsecount="1"/>
        <line num="48" count="2" type="cond" truecount="0" falsecount="2"/>
        <line num="49" count="2" type="cond" truecount="0" falsecount="2"/>
        <line num="50" count="2" type="cond" truecount="0" falsecount="2"/>
        <line num="51" count="0" type="stmt"/>
        <line num="52" count="0" type="stmt"/>
        <line num="53" count="0" type="stmt"/>
        <line num="54" count="0" type="stmt"/>
        <line num="55" count="0" type="stmt"/>
        <line num="56" count="0" type="stmt"/>
        <line num="57" count="0" type="stmt"/>
        <line num="58" count="0" type="stmt"/>
        <line num="60" count="2" type="stmt"/>
        <line num="62" count="2" type="stmt"/>
      </file>
      <file name="Flyout.tsx" path="D:\Frontend\Progect\rss2023\REACT2024Q3\src\components\Flyout.tsx">
        <metrics statements="38" coveredstatements="18" conditionals="5" coveredconditionals="4" methods="3" coveredmethods="3"/>
        <line num="1" count="1" type="stmt"/>
        <line num="3" count="1" type="stmt"/>
        <line num="6" count="2" type="cond" truecount="1" falsecount="0"/>
        <line num="7" count="2" type="stmt"/>
        <line num="8" count="2" type="cond" truecount="1" falsecount="0"/>
        <line num="10" count="2" type="cond" truecount="1" falsecount="0"/>
        <line num="11" count="1" type="stmt"/>
        <line num="12" count="1" type="stmt"/>
        <line num="14" count="2" type="cond" truecount="1" falsecount="0"/>
        <line num="15" count="1" type="cond" truecount="0" falsecount="1"/>
        <line num="16" count="0" type="stmt"/>
        <line num="17" count="0" type="stmt"/>
        <line num="18" count="0" type="stmt"/>
        <line num="19" count="0" type="stmt"/>
        <line num="20" count="0" type="stmt"/>
        <line num="21" count="0" type="stmt"/>
        <line num="22" count="0" type="stmt"/>
        <line num="23" count="0" type="stmt"/>
        <line num="24" count="0" type="stmt"/>
        <line num="25" count="0" type="stmt"/>
        <line num="27" count="0" type="stmt"/>
        <line num="28" count="0" type="stmt"/>
        <line num="29" count="0" type="stmt"/>
        <line num="30" count="0" type="stmt"/>
        <line num="31" count="0" type="stmt"/>
        <line num="32" count="0" type="stmt"/>
        <line num="33" count="0" type="stmt"/>
        <line num="34" count="0" type="stmt"/>
        <line num="35" count="0" type="stmt"/>
        <line num="36" count="0" type="stmt"/>
        <line num="37" count="1" type="stmt"/>
        <line num="39" count="2" type="stmt"/>
        <line num="40" count="2" type="stmt"/>
        <line num="41" count="2" type="stmt"/>
        <line num="42" count="2" type="stmt"/>
        <line num="43" count="2" type="stmt"/>
        <line num="44" count="2" type="stmt"/>
        <line num="46" count="2" type="stmt"/>
      </file>
      <file name="Pagination.tsx" path="D:\Frontend\Progect\rss2023\REACT2024Q3\src\components\Pagination.tsx">
        <metrics statements="23" coveredstatements="23" conditionals="4" coveredconditionals="4" methods="3" coveredmethods="3"/>
        <line num="1" count="1" type="stmt"/>
        <line num="9" count="2" type="cond" truecount="1" falsecount="0"/>
        <line num="10" count="2" type="stmt"/>
        <line num="11" count="2" type="stmt"/>
        <line num="13" count="2" type="cond" truecount="1" falsecount="0"/>
        <line num="14" count="1" type="stmt"/>
        <line num="15" count="1" type="stmt"/>
        <line num="16" count="1" type="stmt"/>
        <line num="17" count="1" type="stmt"/>
        <line num="19" count="2" type="stmt"/>
        <line num="20" count="2" type="cond" truecount="1" falsecount="0"/>
        <line num="21" count="10" type="stmt"/>
        <line num="22" count="10" type="stmt"/>
        <line num="23" count="10" type="stmt"/>
        <line num="24" count="10" type="stmt"/>
        <line num="25" count="10" type="cond" truecount="1" falsecount="0"/>
        <line num="26" count="10" type="stmt"/>
        <line num="28" count="10" type="stmt"/>
        <line num="29" count="10" type="stmt"/>
        <line num="30" count="10" type="stmt"/>
        <line num="31" count="10" type="stmt"/>
        <line num="33" count="10" type="stmt"/>
        <line num="34" count="10" type="stmt"/>
      </file>
      <file name="ThemeSelector.tsx" path="D:\Frontend\Progect\rss2023\REACT2024Q3\src\components\ThemeSelector.tsx">
        <metrics statements="28" coveredstatements="28" conditionals="3" coveredconditionals="3" methods="3" coveredmethods="3"/>
        <line num="1" count="1" type="stmt"/>
        <line num="3" count="7" type="cond" truecount="1" falsecount="0"/>
        <line num="4" count="7" type="stmt"/>
        <line num="6" count="7" type="stmt"/>
        <line num="7" count="7" type="stmt"/>
        <line num="8" count="7" type="stmt"/>
        <line num="9" count="7" type="stmt"/>
        <line num="10" count="7" type="stmt"/>
        <line num="11" count="7" type="stmt"/>
        <line num="12" count="7" type="stmt"/>
        <line num="13" count="7" type="stmt"/>
        <line num="14" count="7" type="stmt"/>
        <line num="15" count="7" type="cond" truecount="1" falsecount="0"/>
        <line num="16" count="7" type="stmt"/>
        <line num="18" count="7" type="stmt"/>
        <line num="19" count="7" type="stmt"/>
        <line num="20" count="7" type="stmt"/>
        <line num="21" count="7" type="stmt"/>
        <line num="22" count="7" type="stmt"/>
        <line num="23" count="7" type="stmt"/>
        <line num="24" count="7" type="stmt"/>
        <line num="25" count="7" type="stmt"/>
        <line num="26" count="7" type="cond" truecount="1" falsecount="0"/>
        <line num="27" count="7" type="stmt"/>
        <line num="29" count="7" type="stmt"/>
        <line num="30" count="7" type="stmt"/>
        <line num="32" count="7" type="stmt"/>
        <line num="34" count="1" type="stmt"/>
      </file>
      <file name="content.tsx" path="D:\Frontend\Progect\rss2023\REACT2024Q3\src\components\content.tsx">
        <metrics statements="12" coveredstatements="12" conditionals="3" coveredconditionals="3" methods="1" coveredmethods="1"/>
        <line num="1" count="1" type="stmt"/>
        <line num="2" count="1" type="stmt"/>
        <line num="3" count="1" type="stmt"/>
        <line num="4" count="1" type="stmt"/>
        <line num="7" count="3" type="cond" truecount="1" falsecount="0"/>
        <line num="8" count="3" type="cond" truecount="1" falsecount="0"/>
        <line num="9" count="3" type="cond" truecount="1" falsecount="0"/>
        <line num="11" count="3" type="stmt"/>
        <line num="12" count="3" type="stmt"/>
        <line num="13" count="3" type="stmt"/>
        <line num="14" count="3" type="stmt"/>
        <line num="16" count="3" type="stmt"/>
      </file>
      <file name="errorBoundary.tsx" path="D:\Frontend\Progect\rss2023\REACT2024Q3\src\components\errorBoundary.tsx">
        <metrics statements="32" coveredstatements="19" conditionals="3" coveredconditionals="2" methods="5" coveredmethods="2"/>
        <line num="1" count="1" type="stmt"/>
        <line num="13" count="1" type="stmt"/>
        <line num="14" count="1" type="cond" truecount="1" falsecount="0"/>
        <line num="15" count="3" type="stmt"/>
        <line num="16" count="3" type="stmt"/>
        <line num="17" count="3" type="stmt"/>
        <line num="18" count="3" type="stmt"/>
        <line num="19" count="3" type="stmt"/>
        <line num="20" count="3" type="stmt"/>
        <line num="22" count="1" type="stmt"/>
        <line num="23" count="0" type="stmt"/>
        <line num="24" count="0" type="stmt"/>
        <line num="26" count="1" type="stmt"/>
        <line num="27" count="0" type="stmt"/>
        <line num="28" count="0" type="stmt"/>
        <line num="30" count="1" type="stmt"/>
        <line num="31" count="0" type="stmt"/>
        <line num="32" count="0" type="stmt"/>
        <line num="34" count="1" type="cond" truecount="1" falsecount="0"/>
        <line num="35" count="3" type="stmt"/>
        <line num="36" count="3" type="stmt"/>
        <line num="38" count="3" type="cond" truecount="0" falsecount="1"/>
        <line num="39" count="0" type="stmt"/>
        <line num="40" count="0" type="stmt"/>
        <line num="41" count="0" type="stmt"/>
        <line num="42" count="0" type="stmt"/>
        <line num="43" count="0" type="stmt"/>
        <line num="44" count="0" type="stmt"/>
        <line num="46" count="0" type="stmt"/>
        <line num="48" count="3" type="stmt"/>
        <line num="49" count="3" type="stmt"/>
        <line num="50" count="1" type="stmt"/>
      </file>
      <file name="header.tsx" path="D:\Frontend\Progect\rss2023\REACT2024Q3\src\components\header.tsx">
        <metrics statements="26" coveredstatements="24" conditionals="3" coveredconditionals="3" methods="4" coveredmethods="3"/>
        <line num="1" count="1" type="stmt"/>
        <line num="2" count="1" type="stmt"/>
        <line num="3" count="1" type="stmt"/>
        <line num="4" count="1" type="stmt"/>
        <line num="13" count="4" type="cond" truecount="1" falsecount="0"/>
        <line num="14" count="4" type="stmt"/>
        <line num="16" count="4" type="stmt"/>
        <line num="17" count="0" type="stmt"/>
        <line num="18" count="0" type="stmt"/>
        <line num="20" count="4" type="cond" truecount="1" falsecount="0"/>
        <line num="21" count="1" type="stmt"/>
        <line num="22" count="1" type="stmt"/>
        <line num="24" count="4" type="cond" truecount="1" falsecount="0"/>
        <line num="25" count="1" type="stmt"/>
        <line num="26" count="1" type="stmt"/>
        <line num="27" count="1" type="stmt"/>
        <line num="28" count="1" type="stmt"/>
        <line num="29" count="1" type="stmt"/>
        <line num="30" count="1" type="stmt"/>
        <line num="32" count="4" type="stmt"/>
        <line num="33" count="4" type="stmt"/>
        <line num="34" count="4" type="stmt"/>
        <line num="35" count="4" type="stmt"/>
        <line num="36" count="4" type="stmt"/>
        <line num="37" count="4" type="stmt"/>
        <line num="39" count="4" type="stmt"/>
      </file>
    </package>
    <package name="src.components.Button">
      <metrics statements="8" coveredstatements="8" conditionals="1" coveredconditionals="1" methods="1" coveredmethods="1"/>
      <file name="Button.tsx" path="D:\Frontend\Progect\rss2023\REACT2024Q3\src\components\Button\Button.tsx">
        <metrics statements="8" coveredstatements="8" conditionals="1" coveredconditionals="1" methods="1" coveredmethods="1"/>
        <line num="1" count="1" type="stmt"/>
        <line num="2" count="1" type="stmt"/>
        <line num="10" count="9" type="cond" truecount="1" falsecount="0"/>
        <line num="11" count="9" type="stmt"/>
        <line num="12" count="9" type="stmt"/>
        <line num="13" count="9" type="stmt"/>
        <line num="14" count="9" type="stmt"/>
        <line num="16" count="9" type="stmt"/>
      </file>
    </package>
    <package name="src.components.Input">
      <metrics statements="11" coveredstatements="11" conditionals="1" coveredconditionals="1" methods="1" coveredmethods="1"/>
      <file name="Input.tsx" path="D:\Frontend\Progect\rss2023\REACT2024Q3\src\components\Input\Input.tsx">
        <metrics statements="11" coveredstatements="11" conditionals="1" coveredconditionals="1" methods="1" coveredmethods="1"/>
        <line num="1" count="1" type="stmt"/>
        <line num="8" count="4" type="cond" truecount="1" falsecount="0"/>
        <line num="9" count="4" type="stmt"/>
        <line num="10" count="4" type="stmt"/>
        <line num="11" count="4" type="stmt"/>
        <line num="12" count="4" type="stmt"/>
        <line num="13" count="4" type="stmt"/>
        <line num="14" count="4" type="stmt"/>
        <line num="15" count="4" type="stmt"/>
        <line num="16" count="4" type="stmt"/>
        <line num="18" count="4" type="stmt"/>
      </file>
    </package>
    <package name="src.context">
      <metrics statements="19" coveredstatements="17" conditionals="4" coveredconditionals="3" methods="2" coveredmethods="2"/>
      <file name="ThemeContext.tsx" path="D:\Frontend\Progect\rss2023\REACT2024Q3\src\context\ThemeContext.tsx">
        <metrics statements="19" coveredstatements="17" conditionals="4" coveredconditionals="3" methods="2" coveredmethods="2"/>
        <line num="1" count="1" type="stmt"/>
        <line num="10" count="1" type="stmt"/>
        <line num="12" count="1" type="cond" truecount="1" falsecount="0"/>
        <line num="13" count="7" type="stmt"/>
        <line num="14" count="7" type="cond" truecount="0" falsecount="1"/>
        <line num="15" count="0" type="stmt"/>
        <line num="16" count="0" type="stmt"/>
        <line num="17" count="7" type="stmt"/>
        <line num="18" count="7" type="stmt"/>
        <line num="20" count="1" type="cond" truecount="1" falsecount="0"/>
        <line num="21" count="7" type="stmt"/>
        <line num="23" count="7" type="cond" truecount="1" falsecount="0"/>
        <line num="25" count="7" type="stmt"/>
        <line num="26" count="7" type="stmt"/>
        <line num="27" count="7" type="stmt"/>
        <line num="28" count="7" type="stmt"/>
        <line num="29" count="7" type="stmt"/>
        <line num="30" count="7" type="stmt"/>
        <line num="32" count="1" type="stmt"/>
      </file>
    </package>
    <package name="src.hooks">
      <metrics statements="8" coveredstatements="8" conditionals="4" coveredconditionals="4" methods="1" coveredmethods="1"/>
      <file name="useSearchQuery.tsx" path="D:\Frontend\Progect\rss2023\REACT2024Q3\src\hooks\useSearchQuery.tsx">
        <metrics statements="8" coveredstatements="8" conditionals="4" coveredconditionals="4" methods="1" coveredmethods="1"/>
        <line num="1" count="1" type="stmt"/>
        <line num="3" count="3" type="cond" truecount="1" falsecount="0"/>
        <line num="4" count="3" type="cond" truecount="2" falsecount="0"/>
        <line num="6" count="3" type="cond" truecount="1" falsecount="0"/>
        <line num="7" count="3" type="stmt"/>
        <line num="8" count="3" type="stmt"/>
        <line num="10" count="3" type="stmt"/>
        <line num="11" count="1" type="stmt"/>
      </file>
    </package>
    <package name="src.pages">
      <metrics statements="38" coveredstatements="29" conditionals="6" coveredconditionals="5" methods="4" coveredmethods="3"/>
      <file name="Home.tsx" path="D:\Frontend\Progect\rss2023\REACT2024Q3\src\pages\Home.tsx">
        <metrics statements="35" coveredstatements="26" conditionals="5" coveredconditionals="4" methods="3" coveredmethods="2"/>
        <line num="1" count="1" type="stmt"/>
        <line num="2" count="1" type="stmt"/>
        <line num="3" count="1" type="stmt"/>
        <line num="4" count="1" type="stmt"/>
        <line num="5" count="1" type="stmt"/>
        <line num="6" count="1" type="stmt"/>
        <line num="8" count="1" type="stmt"/>
        <line num="9" count="1" type="stmt"/>
        <line num="11" count="3" type="cond" truecount="1" falsecount="0"/>
        <line num="12" count="3" type="stmt"/>
        <line num="13" count="3" type="stmt"/>
        <line num="14" count="3" type="cond" truecount="1" falsecount="0"/>
        <line num="16" count="3" type="stmt"/>
        <line num="17" count="0" type="stmt"/>
        <line num="18" count="0" type="stmt"/>
        <line num="19" count="0" type="stmt"/>
        <line num="20" count="0" type="stmt"/>
        <line num="21" count="0" type="stmt"/>
        <line num="23" count="3" type="cond" truecount="1" falsecount="0"/>
        <line num="24" count="3" type="stmt"/>
        <line num="25" count="3" type="cond" truecount="0" falsecount="1"/>
        <line num="26" count="0" type="stmt"/>
        <line num="27" count="0" type="stmt"/>
        <line num="28" count="0" type="stmt"/>
        <line num="29" count="0" type="stmt"/>
        <line num="30" count="3" type="stmt"/>
        <line num="32" count="3" type="stmt"/>
        <line num="33" count="3" type="stmt"/>
        <line num="34" count="3" type="cond" truecount="1" falsecount="0"/>
        <line num="35" count="3" type="stmt"/>
        <line num="36" count="3" type="stmt"/>
        <line num="37" count="3" type="stmt"/>
        <line num="38" count="3" type="stmt"/>
        <line num="40" count="3" type="stmt"/>
        <line num="42" count="3" type="stmt"/>
      </file>
      <file name="NotFound.tsx" path="D:\Frontend\Progect\rss2023\REACT2024Q3\src\pages\NotFound.tsx">
        <metrics statements="3" coveredstatements="3" conditionals="1" coveredconditionals="1" methods="1" coveredmethods="1"/>
        <line num="1" count="3" type="cond" truecount="1" falsecount="0"/>
        <line num="2" count="3" type="stmt"/>
        <line num="3" count="1" type="stmt"/>
      </file>
    </package>
    <package name="src.services">
      <metrics statements="97" coveredstatements="60" conditionals="15" coveredconditionals="8" methods="7" coveredmethods="4"/>
      <file name="Stapi.tsx" path="D:\Frontend\Progect\rss2023\REACT2024Q3\src\services\Stapi.tsx">
        <metrics statements="75" coveredstatements="38" conditionals="12" coveredconditionals="5" methods="4" coveredmethods="1"/>
        <line num="1" count="1" type="stmt"/>
        <line num="2" count="1" type="stmt"/>
        <line num="3" count="1" type="stmt"/>
        <line num="5" count="1" type="stmt"/>
        <line num="6" count="1" type="stmt"/>
        <line num="7" count="1" type="stmt"/>
        <line num="8" count="1" type="stmt"/>
        <line num="9" count="1" type="stmt"/>
        <line num="10" count="1" type="stmt"/>
        <line num="17" count="6" type="cond" truecount="1" falsecount="0"/>
        <line num="18" count="6" type="stmt"/>
        <line num="19" count="6" type="stmt"/>
        <line num="20" count="6" type="stmt"/>
        <line num="22" count="6" type="cond" truecount="1" falsecount="0"/>
        <line num="23" count="3" type="stmt"/>
        <line num="24" count="3" type="stmt"/>
        <line num="25" count="3" type="stmt"/>
        <line num="26" count="6" type="stmt"/>
        <line num="28" count="6" type="stmt"/>
        <line num="30" count="6" type="cond" truecount="1" falsecount="0"/>
        <line num="31" count="3" type="cond" truecount="0" falsecount="1"/>
        <line num="32" count="0" type="stmt"/>
        <line num="33" count="0" type="stmt"/>
        <line num="34" count="6" type="stmt"/>
        <line num="36" count="6" type="cond" truecount="1" falsecount="0"/>
        <line num="37" count="6" type="cond" truecount="1" falsecount="0"/>
        <line num="39" count="6" type="stmt"/>
        <line num="41" count="6" type="stmt"/>
        <line num="42" count="0" type="stmt"/>
        <line num="43" count="0" type="stmt"/>
        <line num="44" count="0" type="stmt"/>
        <line num="45" count="0" type="stmt"/>
        <line num="46" count="0" type="stmt"/>
        <line num="47" count="0" type="stmt"/>
        <line num="49" count="6" type="stmt"/>
        <line num="50" count="0" type="stmt"/>
        <line num="51" count="0" type="stmt"/>
        <line num="53" count="6" type="stmt"/>
        <line num="54" count="6" type="stmt"/>
        <line num="55" count="6" type="cond" truecount="0" falsecount="1"/>
        <line num="57" count="0" type="stmt"/>
        <line num="58" count="0" type="stmt"/>
        <line num="59" count="0" type="stmt"/>
        <line num="61" count="0" type="stmt"/>
        <line num="62" count="0" type="stmt"/>
        <line num="63" count="0" type="stmt"/>
        <line num="64" count="0" type="stmt"/>
        <line num="65" count="6" type="stmt"/>
        <line num="66" count="6" type="cond" truecount="0" falsecount="2"/>
        <line num="67" count="0" type="cond" truecount="0" falsecount="1"/>
        <line num="69" count="0" type="stmt"/>
        <line num="70" count="0" type="stmt"/>
        <line num="71" count="0" type="stmt"/>
        <line num="72" count="0" type="stmt"/>
        <line num="73" count="0" type="stmt"/>
        <line num="74" count="0" type="stmt"/>
        <line num="75" count="0" type="stmt"/>
        <line num="76" count="0" type="stmt"/>
        <line num="78" count="0" type="stmt"/>
        <line num="79" count="0" type="stmt"/>
        <line num="80" count="0" type="stmt"/>
        <line num="81" count="0" type="stmt"/>
        <line num="82" count="0" type="stmt"/>
        <line num="83" count="0" type="stmt"/>
        <line num="84" count="0" type="stmt"/>
        <line num="85" count="0" type="stmt"/>
        <line num="86" count="0" type="stmt"/>
        <line num="87" count="0" type="stmt"/>
        <line num="88" count="0" type="stmt"/>
        <line num="90" count="6" type="stmt"/>
        <line num="91" count="6" type="cond" truecount="0" falsecount="2"/>
        <line num="92" count="6" type="stmt"/>
        <line num="93" count="6" type="stmt"/>
        <line num="94" count="6" type="stmt"/>
        <line num="96" count="6" type="stmt"/>
      </file>
      <file name="astronomicalObjectsApi.tsx" path="D:\Frontend\Progect\rss2023\REACT2024Q3\src\services\astronomicalObjectsApi.tsx">
        <metrics statements="22" coveredstatements="22" conditionals="3" coveredconditionals="3" methods="3" coveredmethods="3"/>
        <line num="1" count="1" type="stmt"/>
        <line num="32" count="1" type="stmt"/>
        <line num="33" count="1" type="stmt"/>
        <line num="34" count="1" type="stmt"/>
        <line num="35" count="1" type="cond" truecount="1" falsecount="0"/>
        <line num="36" count="5" type="stmt"/>
        <line num="37" count="5" type="cond" truecount="1" falsecount="0"/>
        <line num="38" count="3" type="stmt"/>
        <line num="39" count="3" type="stmt"/>
        <line num="40" count="3" type="stmt"/>
        <line num="41" count="3" type="stmt"/>
        <line num="42" count="3" type="stmt"/>
        <line num="43" count="3" type="stmt"/>
        <line num="44" count="3" type="stmt"/>
        <line num="45" count="3" type="stmt"/>
        <line num="46" count="5" type="stmt"/>
        <line num="47" count="5" type="stmt"/>
        <line num="48" count="5" type="cond" truecount="1" falsecount="0"/>
        <line num="49" count="5" type="stmt"/>
        <line num="50" count="5" type="stmt"/>
        <line num="51" count="1" type="stmt"/>
        <line num="53" count="1" type="stmt"/>
      </file>
    </package>
    <package name="src.slice">
      <metrics statements="92" coveredstatements="78" conditionals="3" coveredconditionals="3" methods="9" coveredmethods="3"/>
      <file name="astronomicalObjectsSlice.tsx" path="D:\Frontend\Progect\rss2023\REACT2024Q3\src\slice\astronomicalObjectsSlice.tsx">
        <metrics statements="19" coveredstatements="15" conditionals="0" coveredconditionals="0" methods="2" coveredmethods="0"/>
        <line num="1" count="1" type="stmt"/>
        <line num="2" count="1" type="stmt"/>
        <line num="9" count="1" type="stmt"/>
        <line num="10" count="1" type="stmt"/>
        <line num="11" count="1" type="stmt"/>
        <line num="13" count="1" type="stmt"/>
        <line num="14" count="1" type="stmt"/>
        <line num="15" count="1" type="stmt"/>
        <line num="16" count="1" type="stmt"/>
        <line num="17" count="1" type="stmt"/>
        <line num="18" count="0" type="stmt"/>
        <line num="19" count="0" type="stmt"/>
        <line num="20" count="1" type="stmt"/>
        <line num="21" count="0" type="stmt"/>
        <line num="22" count="0" type="stmt"/>
        <line num="23" count="1" type="stmt"/>
        <line num="24" count="1" type="stmt"/>
        <line num="26" count="1" type="stmt"/>
        <line num="27" count="1" type="stmt"/>
      </file>
      <file name="paginationSlice.tsx" path="D:\Frontend\Progect\rss2023\REACT2024Q3\src\slice\paginationSlice.tsx">
        <metrics statements="15" coveredstatements="15" conditionals="1" coveredconditionals="1" methods="1" coveredmethods="1"/>
        <line num="1" count="1" type="stmt"/>
        <line num="7" count="1" type="stmt"/>
        <line num="8" count="1" type="stmt"/>
        <line num="9" count="1" type="stmt"/>
        <line num="11" count="1" type="stmt"/>
        <line num="12" count="1" type="stmt"/>
        <line num="13" count="1" type="stmt"/>
        <line num="14" count="1" type="stmt"/>
        <line num="15" count="1" type="cond" truecount="1" falsecount="0"/>
        <line num="16" count="3" type="stmt"/>
        <line num="17" count="3" type="stmt"/>
        <line num="18" count="1" type="stmt"/>
        <line num="19" count="1" type="stmt"/>
        <line num="21" count="1" type="stmt"/>
        <line num="22" count="1" type="stmt"/>
      </file>
      <file name="searchSlice.tsx" path="D:\Frontend\Progect\rss2023\REACT2024Q3\src\slice\searchSlice.tsx">
        <metrics statements="16" coveredstatements="16" conditionals="1" coveredconditionals="1" methods="1" coveredmethods="1"/>
        <line num="1" count="1" type="stmt"/>
        <line num="2" count="1" type="stmt"/>
        <line num="8" count="1" type="stmt"/>
        <line num="9" count="1" type="stmt"/>
        <line num="10" count="1" type="stmt"/>
        <line num="12" count="1" type="stmt"/>
        <line num="13" count="1" type="stmt"/>
        <line num="14" count="1" type="stmt"/>
        <line num="15" count="1" type="stmt"/>
        <line num="16" count="1" type="cond" truecount="1" falsecount="0"/>
        <line num="17" count="1" type="stmt"/>
        <line num="18" count="1" type="stmt"/>
        <line num="19" count="1" type="stmt"/>
        <line num="20" count="1" type="stmt"/>
        <line num="22" count="1" type="stmt"/>
        <line num="23" count="1" type="stmt"/>
      </file>
      <file name="selectedObjectSlice.tsx" path="D:\Frontend\Progect\rss2023\REACT2024Q3\src\slice\selectedObjectSlice.tsx">
        <metrics statements="18" coveredstatements="14" conditionals="0" coveredconditionals="0" methods="2" coveredmethods="0"/>
        <line num="1" count="1" type="stmt"/>
        <line num="8" count="1" type="stmt"/>
        <line num="9" count="1" type="stmt"/>
        <line num="10" count="1" type="stmt"/>
        <line num="12" count="1" type="stmt"/>
        <line num="13" count="1" type="stmt"/>
        <line num="14" count="1" type="stmt"/>
        <line num="15" count="1" type="stmt"/>
        <line num="16" count="1" type="stmt"/>
        <line num="17" count="0" type="stmt"/>
        <line num="18" count="0" type="stmt"/>
        <line num="19" count="1" type="stmt"/>
        <line num="20" count="0" type="stmt"/>
        <line num="21" count="0" type="stmt"/>
        <line num="22" count="1" type="stmt"/>
        <line num="23" count="1" type="stmt"/>
        <line num="25" count="1" type="stmt"/>
        <line num="26" count="1" type="stmt"/>
      </file>
      <file name="selectedObjectsSlice.tsx" path="D:\Frontend\Progect\rss2023\REACT2024Q3\src\slice\selectedObjectsSlice.tsx">
        <metrics statements="24" coveredstatements="18" conditionals="1" coveredconditionals="1" methods="3" coveredmethods="1"/>
        <line num="1" count="1" type="stmt"/>
        <line num="2" count="1" type="stmt"/>
        <line num="9" count="1" type="stmt"/>
        <line num="10" count="1" type="stmt"/>
        <line num="11" count="1" type="stmt"/>
        <line num="13" count="1" type="stmt"/>
        <line num="14" count="1" type="stmt"/>
        <line num="15" count="1" type="stmt"/>
        <line num="16" count="1" type="stmt"/>
        <line num="17" count="1" type="stmt"/>
        <line num="18" count="0" type="stmt"/>
        <line num="19" count="0" type="stmt"/>
        <line num="20" count="1" type="stmt"/>
        <line num="21" count="0" type="stmt"/>
        <line num="22" count="0" type="stmt"/>
        <line num="23" count="0" type="stmt"/>
        <line num="24" count="0" type="stmt"/>
        <line num="25" count="1" type="cond" truecount="1" falsecount="0"/>
        <line num="26" count="1" type="stmt"/>
        <line num="27" count="1" type="stmt"/>
        <line num="28" count="1" type="stmt"/>
        <line num="29" count="1" type="stmt"/>
        <line num="31" count="1" type="stmt"/>
        <line num="32" count="1" type="stmt"/>
      </file>
    </package>
  </project>
</coverage>
