{"D:\\Frontend\\Progect\\rss2023\\REACT2024Q3\\src\\App.tsx": {"path":"D:\\Frontend\\Progect\\rss2023\\REACT2024Q3\\src\\App.tsx","all":false,"statementMap":{"0":{"start":{"line":1,"column":0},"end":{"line":1,"column":19}},"1":{"start":{"line":2,"column":0},"end":{"line":2,"column":49}},"2":{"start":{"line":3,"column":0},"end":{"line":3,"column":32}},"3":{"start":{"line":4,"column":0},"end":{"line":4,"column":40}},"4":{"start":{"line":5,"column":0},"end":{"line":5,"column":55}},"5":{"start":{"line":6,"column":0},"end":{"line":6,"column":55}},"6":{"start":{"line":7,"column":0},"end":{"line":7,"column":79}},"8":{"start":{"line":9,"column":0},"end":{"line":9,"column":31}},"9":{"start":{"line":10,"column":0},"end":{"line":10,"column":10}},"10":{"start":{"line":11,"column":0},"end":{"line":11,"column":19}},"11":{"start":{"line":12,"column":0},"end":{"line":12,"column":23}},"12":{"start":{"line":13,"column":0},"end":{"line":13,"column":14}},"13":{"start":{"line":14,"column":0},"end":{"line":14,"column":43}},"14":{"start":{"line":15,"column":0},"end":{"line":15,"column":78}},"15":{"start":{"line":16,"column":0},"end":{"line":16,"column":16}},"16":{"start":{"line":17,"column":0},"end":{"line":17,"column":49}},"17":{"start":{"line":18,"column":0},"end":{"line":18,"column":15}},"18":{"start":{"line":19,"column":0},"end":{"line":19,"column":20}},"20":{"start":{"line":21,"column":0},"end":{"line":21,"column":1}}},"s":{"0":1,"1":1,"2":1,"3":1,"4":1,"5":1,"6":1,"8":4,"9":4,"10":4,"11":4,"12":4,"13":4,"14":4,"15":4,"16":4,"17":4,"18":4,"20":4},"branchMap":{"0":{"type":"branch","line":9,"loc":{"start":{"line":9,"column":0},"end":{"line":21,"column":1}},"locations":[{"start":{"line":9,"column":0},"end":{"line":21,"column":1}}]}},"b":{"0":[4]},"fnMap":{"0":{"name":"App","decl":{"start":{"line":9,"column":0},"end":{"line":21,"column":1}},"loc":{"start":{"line":9,"column":0},"end":{"line":21,"column":1}},"line":9}},"f":{"0":4}}
,"D:\\Frontend\\Progect\\rss2023\\REACT2024Q3\\src\\main.tsx": {"path":"D:\\Frontend\\Progect\\rss2023\\REACT2024Q3\\src\\main.tsx","all":true,"statementMap":{"0":{"start":{"line":1,"column":0},"end":{"line":1,"column":26}},"1":{"start":{"line":2,"column":0},"end":{"line":2,"column":40}},"2":{"start":{"line":3,"column":0},"end":{"line":3,"column":39}},"3":{"start":{"line":4,"column":0},"end":{"line":4,"column":49}},"4":{"start":{"line":5,"column":0},"end":{"line":5,"column":24}},"5":{"start":{"line":6,"column":0},"end":{"line":6,"column":21}},"6":{"start":{"line":7,"column":0},"end":{"line":7,"column":32}},"8":{"start":{"line":9,"column":0},"end":{"line":9,"column":61}},"9":{"start":{"line":10,"column":0},"end":{"line":10,"column":20}},"10":{"start":{"line":11,"column":0},"end":{"line":11,"column":28}},"11":{"start":{"line":12,"column":0},"end":{"line":12,"column":19}},"12":{"start":{"line":13,"column":0},"end":{"line":13,"column":11}},"13":{"start":{"line":14,"column":0},"end":{"line":14,"column":20}},"14":{"start":{"line":15,"column":0},"end":{"line":15,"column":15}},"15":{"start":{"line":16,"column":0},"end":{"line":16,"column":21}},"16":{"start":{"line":17,"column":0},"end":{"line":17,"column":2}}},"s":{"0":0,"1":0,"2":0,"3":0,"4":0,"5":0,"6":0,"8":0,"9":0,"10":0,"11":0,"12":0,"13":0,"14":0,"15":0,"16":0},"branchMap":{"0":{"type":"branch","line":1,"loc":{"start":{"line":1,"column":444},"end":{"line":17,"column":2}},"locations":[{"start":{"line":1,"column":444},"end":{"line":17,"column":2}}]}},"b":{"0":[0]},"fnMap":{"0":{"name":"(empty-report)","decl":{"start":{"line":1,"column":444},"end":{"line":17,"column":2}},"loc":{"start":{"line":1,"column":444},"end":{"line":17,"column":2}},"line":1}},"f":{"0":0}}
,"D:\\Frontend\\Progect\\rss2023\\REACT2024Q3\\src\\store.tsx": {"path":"D:\\Frontend\\Progect\\rss2023\\REACT2024Q3\\src\\store.tsx","all":false,"statementMap":{"0":{"start":{"line":1,"column":0},"end":{"line":1,"column":50}},"1":{"start":{"line":2,"column":0},"end":{"line":2,"column":56}},"2":{"start":{"line":3,"column":0},"end":{"line":3,"column":71}},"3":{"start":{"line":4,"column":0},"end":{"line":4,"column":56}},"4":{"start":{"line":5,"column":0},"end":{"line":5,"column":48}},"5":{"start":{"line":6,"column":0},"end":{"line":6,"column":74}},"6":{"start":{"line":7,"column":0},"end":{"line":7,"column":66}},"7":{"start":{"line":8,"column":0},"end":{"line":8,"column":64}},"9":{"start":{"line":10,"column":0},"end":{"line":10,"column":37}},"10":{"start":{"line":11,"column":0},"end":{"line":11,"column":12}},"11":{"start":{"line":12,"column":0},"end":{"line":12,"column":73}},"12":{"start":{"line":13,"column":0},"end":{"line":13,"column":34}},"13":{"start":{"line":14,"column":0},"end":{"line":14,"column":26}},"14":{"start":{"line":15,"column":0},"end":{"line":15,"column":52}},"15":{"start":{"line":16,"column":0},"end":{"line":16,"column":44}},"16":{"start":{"line":17,"column":0},"end":{"line":17,"column":42}},"17":{"start":{"line":18,"column":0},"end":{"line":18,"column":4}},"18":{"start":{"line":19,"column":0},"end":{"line":19,"column":39}},"19":{"start":{"line":20,"column":0},"end":{"line":20,"column":69}},"20":{"start":{"line":21,"column":0},"end":{"line":21,"column":3}},"22":{"start":{"line":23,"column":0},"end":{"line":23,"column":31}}},"s":{"0":1,"1":1,"2":1,"3":1,"4":1,"5":1,"6":1,"7":1,"9":1,"10":1,"11":1,"12":1,"13":1,"14":1,"15":1,"16":1,"17":1,"18":1,"19":4,"20":1,"22":1},"branchMap":{"0":{"type":"branch","line":19,"loc":{"start":{"line":19,"column":14},"end":{"line":20,"column":69}},"locations":[{"start":{"line":19,"column":14},"end":{"line":20,"column":69}}]}},"b":{"0":[4]},"fnMap":{"0":{"name":"middleware","decl":{"start":{"line":19,"column":14},"end":{"line":20,"column":69}},"loc":{"start":{"line":19,"column":14},"end":{"line":20,"column":69}},"line":19}},"f":{"0":4}}
,"D:\\Frontend\\Progect\\rss2023\\REACT2024Q3\\src\\components\\AstronomicalObjectDetails.tsx": {"path":"D:\\Frontend\\Progect\\rss2023\\REACT2024Q3\\src\\components\\AstronomicalObjectDetails.tsx","all":false,"statementMap":{"0":{"start":{"line":1,"column":0},"end":{"line":1,"column":34}},"1":{"start":{"line":2,"column":0},"end":{"line":2,"column":55}},"2":{"start":{"line":3,"column":0},"end":{"line":3,"column":58}},"4":{"start":{"line":5,"column":0},"end":{"line":5,"column":72}},"5":{"start":{"line":6,"column":0},"end":{"line":6,"column":86}},"7":{"start":{"line":8,"column":0},"end":{"line":8,"column":74}},"9":{"start":{"line":10,"column":0},"end":{"line":10,"column":53}},"10":{"start":{"line":11,"column":0},"end":{"line":11,"column":45}},"11":{"start":{"line":12,"column":0},"end":{"line":12,"column":33}},"12":{"start":{"line":13,"column":0},"end":{"line":13,"column":33}},"13":{"start":{"line":14,"column":0},"end":{"line":14,"column":82}},"14":{"start":{"line":15,"column":0},"end":{"line":15,"column":96}},"16":{"start":{"line":17,"column":0},"end":{"line":17,"column":19}},"17":{"start":{"line":18,"column":0},"end":{"line":18,"column":42}},"18":{"start":{"line":19,"column":0},"end":{"line":19,"column":59}},"19":{"start":{"line":20,"column":0},"end":{"line":20,"column":5}},"20":{"start":{"line":21,"column":0},"end":{"line":21,"column":23}},"22":{"start":{"line":23,"column":0},"end":{"line":23,"column":29}},"23":{"start":{"line":24,"column":0},"end":{"line":24,"column":36}},"24":{"start":{"line":25,"column":0},"end":{"line":25,"column":18}},"25":{"start":{"line":26,"column":0},"end":{"line":26,"column":4}},"27":{"start":{"line":28,"column":0},"end":{"line":28,"column":19}},"28":{"start":{"line":29,"column":0},"end":{"line":29,"column":41}},"29":{"start":{"line":30,"column":0},"end":{"line":30,"column":3}},"31":{"start":{"line":32,"column":0},"end":{"line":32,"column":14}},"32":{"start":{"line":33,"column":0},"end":{"line":33,"column":69}},"33":{"start":{"line":34,"column":0},"end":{"line":34,"column":3}},"35":{"start":{"line":36,"column":0},"end":{"line":36,"column":24}},"36":{"start":{"line":37,"column":0},"end":{"line":37,"column":16}},"37":{"start":{"line":38,"column":0},"end":{"line":38,"column":3}},"39":{"start":{"line":40,"column":0},"end":{"line":40,"column":89}},"41":{"start":{"line":42,"column":0},"end":{"line":42,"column":10}},"42":{"start":{"line":43,"column":0},"end":{"line":43,"column":49}},"43":{"start":{"line":44,"column":0},"end":{"line":44,"column":21}},"44":{"start":{"line":45,"column":0},"end":{"line":45,"column":43}},"45":{"start":{"line":46,"column":0},"end":{"line":46,"column":61}},"46":{"start":{"line":47,"column":0},"end":{"line":47,"column":99}},"47":{"start":{"line":48,"column":0},"end":{"line":48,"column":78}},"48":{"start":{"line":49,"column":0},"end":{"line":49,"column":65}},"49":{"start":{"line":50,"column":0},"end":{"line":50,"column":13}},"50":{"start":{"line":51,"column":0},"end":{"line":51,"column":31}},"51":{"start":{"line":52,"column":0},"end":{"line":52,"column":14}},"52":{"start":{"line":53,"column":0},"end":{"line":53,"column":47}},"53":{"start":{"line":54,"column":0},"end":{"line":54,"column":47}},"54":{"start":{"line":55,"column":0},"end":{"line":55,"column":15}},"55":{"start":{"line":56,"column":0},"end":{"line":56,"column":15}},"56":{"start":{"line":57,"column":0},"end":{"line":57,"column":14}},"58":{"start":{"line":59,"column":0},"end":{"line":59,"column":97}},"59":{"start":{"line":60,"column":0},"end":{"line":60,"column":10}},"61":{"start":{"line":62,"column":0},"end":{"line":62,"column":1}}},"s":{"0":1,"1":1,"2":1,"4":1,"5":1,"7":1,"9":2,"10":2,"11":2,"12":2,"13":2,"14":2,"16":2,"17":1,"18":0,"19":0,"20":2,"22":2,"23":0,"24":0,"25":0,"27":2,"28":2,"29":2,"31":0,"32":0,"33":0,"35":0,"36":0,"37":0,"39":0,"41":0,"42":0,"43":0,"44":0,"45":2,"46":2,"47":2,"48":2,"49":0,"50":0,"51":0,"52":0,"53":0,"54":0,"55":0,"56":0,"58":2,"59":2,"61":2},"branchMap":{"0":{"type":"branch","line":10,"loc":{"start":{"line":10,"column":0},"end":{"line":62,"column":1}},"locations":[{"start":{"line":10,"column":0},"end":{"line":62,"column":1}}]},"1":{"type":"branch","line":30,"loc":{"start":{"line":30,"column":2},"end":{"line":46,"column":47}},"locations":[{"start":{"line":30,"column":2},"end":{"line":46,"column":47}}]},"2":{"type":"branch","line":46,"loc":{"start":{"line":46,"column":40},"end":{"line":46,"column":57}},"locations":[{"start":{"line":46,"column":40},"end":{"line":46,"column":57}}]},"3":{"type":"branch","line":47,"loc":{"start":{"line":47,"column":7},"end":{"line":47,"column":43}},"locations":[{"start":{"line":47,"column":7},"end":{"line":47,"column":43}}]},"4":{"type":"branch","line":47,"loc":{"start":{"line":47,"column":17},"end":{"line":47,"column":99}},"locations":[{"start":{"line":47,"column":17},"end":{"line":47,"column":99}}]},"5":{"type":"branch","line":48,"loc":{"start":{"line":48,"column":7},"end":{"line":48,"column":29}},"locations":[{"start":{"line":48,"column":7},"end":{"line":48,"column":29}}]},"6":{"type":"branch","line":48,"loc":{"start":{"line":48,"column":17},"end":{"line":48,"column":78}},"locations":[{"start":{"line":48,"column":17},"end":{"line":48,"column":78}}]},"7":{"type":"branch","line":49,"loc":{"start":{"line":49,"column":7},"end":{"line":49,"column":65}},"locations":[{"start":{"line":49,"column":7},"end":{"line":49,"column":65}}]},"8":{"type":"branch","line":49,"loc":{"start":{"line":49,"column":59},"end":{"line":57,"column":14}},"locations":[{"start":{"line":49,"column":59},"end":{"line":57,"column":14}}]},"9":{"type":"branch","line":15,"loc":{"start":{"line":15,"column":37},"end":{"line":15,"column":94}},"locations":[{"start":{"line":15,"column":37},"end":{"line":15,"column":94}}]},"10":{"type":"branch","line":17,"loc":{"start":{"line":17,"column":12},"end":{"line":21,"column":5}},"locations":[{"start":{"line":17,"column":12},"end":{"line":21,"column":5}}]},"11":{"type":"branch","line":18,"loc":{"start":{"line":18,"column":8},"end":{"line":18,"column":41}},"locations":[{"start":{"line":18,"column":8},"end":{"line":18,"column":41}}]},"12":{"type":"branch","line":18,"loc":{"start":{"line":18,"column":41},"end":{"line":20,"column":5}},"locations":[{"start":{"line":18,"column":41},"end":{"line":20,"column":5}}]}},"b":{"0":[2],"1":[0],"2":[0],"3":[0],"4":[0],"5":[0],"6":[0],"7":[0],"8":[0],"9":[4],"10":[1],"11":[0],"12":[0]},"fnMap":{"0":{"name":"AstronomicalObjectDetails","decl":{"start":{"line":10,"column":0},"end":{"line":62,"column":1}},"loc":{"start":{"line":10,"column":0},"end":{"line":62,"column":1}},"line":10},"1":{"name":"handleClose","decl":{"start":{"line":23,"column":22},"end":{"line":26,"column":4}},"loc":{"start":{"line":23,"column":22},"end":{"line":26,"column":4}},"line":23}},"f":{"0":2,"1":0}}
,"D:\\Frontend\\Progect\\rss2023\\REACT2024Q3\\src\\components\\Flyout.tsx": {"path":"D:\\Frontend\\Progect\\rss2023\\REACT2024Q3\\src\\components\\Flyout.tsx","all":false,"statementMap":{"0":{"start":{"line":1,"column":0},"end":{"line":1,"column":55}},"2":{"start":{"line":3,"column":0},"end":{"line":3,"column":69}},"5":{"start":{"line":6,"column":0},"end":{"line":6,"column":34}},"6":{"start":{"line":7,"column":0},"end":{"line":7,"column":33}},"7":{"start":{"line":8,"column":0},"end":{"line":8,"column":99}},"9":{"start":{"line":10,"column":0},"end":{"line":10,"column":35}},"10":{"start":{"line":11,"column":0},"end":{"line":11,"column":37}},"11":{"start":{"line":12,"column":0},"end":{"line":12,"column":4}},"13":{"start":{"line":14,"column":0},"end":{"line":14,"column":32}},"14":{"start":{"line":15,"column":0},"end":{"line":15,"column":37}},"15":{"start":{"line":16,"column":0},"end":{"line":16,"column":26}},"16":{"start":{"line":17,"column":0},"end":{"line":17,"column":47}},"17":{"start":{"line":18,"column":0},"end":{"line":18,"column":59}},"18":{"start":{"line":19,"column":0},"end":{"line":19,"column":11}},"19":{"start":{"line":20,"column":0},"end":{"line":20,"column":21}},"20":{"start":{"line":21,"column":0},"end":{"line":21,"column":39}},"21":{"start":{"line":22,"column":0},"end":{"line":22,"column":43}},"22":{"start":{"line":23,"column":0},"end":{"line":23,"column":21}},"23":{"start":{"line":24,"column":0},"end":{"line":24,"column":9}},"24":{"start":{"line":25,"column":0},"end":{"line":25,"column":19}},"26":{"start":{"line":27,"column":0},"end":{"line":27,"column":79}},"27":{"start":{"line":28,"column":0},"end":{"line":28,"column":44}},"28":{"start":{"line":29,"column":0},"end":{"line":29,"column":44}},"29":{"start":{"line":30,"column":0},"end":{"line":30,"column":19}},"30":{"start":{"line":31,"column":0},"end":{"line":31,"column":72}},"31":{"start":{"line":32,"column":0},"end":{"line":32,"column":35}},"32":{"start":{"line":33,"column":0},"end":{"line":33,"column":16}},"33":{"start":{"line":34,"column":0},"end":{"line":34,"column":35}},"34":{"start":{"line":35,"column":0},"end":{"line":35,"column":31}},"35":{"start":{"line":36,"column":0},"end":{"line":36,"column":5}},"36":{"start":{"line":37,"column":0},"end":{"line":37,"column":4}},"38":{"start":{"line":39,"column":0},"end":{"line":39,"column":10}},"39":{"start":{"line":40,"column":0},"end":{"line":40,"column":28}},"40":{"start":{"line":41,"column":0},"end":{"line":41,"column":87}},"41":{"start":{"line":42,"column":0},"end":{"line":42,"column":77}},"42":{"start":{"line":43,"column":0},"end":{"line":43,"column":70}},"43":{"start":{"line":44,"column":0},"end":{"line":44,"column":10}},"45":{"start":{"line":46,"column":0},"end":{"line":46,"column":1}}},"s":{"0":1,"2":1,"5":3,"6":3,"7":3,"9":3,"10":1,"11":1,"13":3,"14":1,"15":1,"16":1,"17":1,"18":2,"19":2,"20":2,"21":2,"22":2,"23":1,"24":1,"26":1,"27":1,"28":1,"29":1,"30":1,"31":1,"32":1,"33":1,"34":1,"35":1,"36":1,"38":3,"39":3,"40":3,"41":3,"42":3,"43":3,"45":3},"branchMap":{"0":{"type":"branch","line":6,"loc":{"start":{"line":6,"column":0},"end":{"line":46,"column":1}},"locations":[{"start":{"line":6,"column":0},"end":{"line":46,"column":1}}]},"1":{"type":"branch","line":8,"loc":{"start":{"line":8,"column":38},"end":{"line":8,"column":97}},"locations":[{"start":{"line":8,"column":38},"end":{"line":8,"column":97}}]},"2":{"type":"branch","line":10,"loc":{"start":{"line":10,"column":28},"end":{"line":12,"column":4}},"locations":[{"start":{"line":10,"column":28},"end":{"line":12,"column":4}}]},"3":{"type":"branch","line":14,"loc":{"start":{"line":14,"column":25},"end":{"line":37,"column":4}},"locations":[{"start":{"line":14,"column":25},"end":{"line":37,"column":4}}]},"4":{"type":"branch","line":18,"loc":{"start":{"line":18,"column":31},"end":{"line":23,"column":21}},"locations":[{"start":{"line":18,"column":31},"end":{"line":23,"column":21}}]},"5":{"type":"branch","line":22,"loc":{"start":{"line":22,"column":26},"end":{"line":22,"column":43}},"locations":[{"start":{"line":22,"column":26},"end":{"line":22,"column":43}}]}},"b":{"0":[3],"1":[6],"2":[1],"3":[1],"4":[2],"5":[0]},"fnMap":{"0":{"name":"Flyout","decl":{"start":{"line":6,"column":0},"end":{"line":46,"column":1}},"loc":{"start":{"line":6,"column":0},"end":{"line":46,"column":1}},"line":6},"1":{"name":"handleUnselectAll","decl":{"start":{"line":10,"column":28},"end":{"line":12,"column":4}},"loc":{"start":{"line":10,"column":28},"end":{"line":12,"column":4}},"line":10},"2":{"name":"handleDownload","decl":{"start":{"line":14,"column":25},"end":{"line":37,"column":4}},"loc":{"start":{"line":14,"column":25},"end":{"line":37,"column":4}},"line":14}},"f":{"0":3,"1":1,"2":1}}
,"D:\\Frontend\\Progect\\rss2023\\REACT2024Q3\\src\\components\\Pagination.tsx": {"path":"D:\\Frontend\\Progect\\rss2023\\REACT2024Q3\\src\\components\\Pagination.tsx","all":false,"statementMap":{"0":{"start":{"line":1,"column":0},"end":{"line":1,"column":60}},"8":{"start":{"line":9,"column":0},"end":{"line":9,"column":83}},"9":{"start":{"line":10,"column":0},"end":{"line":10,"column":33}},"10":{"start":{"line":11,"column":0},"end":{"line":11,"column":33}},"12":{"start":{"line":13,"column":0},"end":{"line":13,"column":46}},"13":{"start":{"line":14,"column":0},"end":{"line":14,"column":62}},"14":{"start":{"line":15,"column":0},"end":{"line":15,"column":46}},"15":{"start":{"line":16,"column":0},"end":{"line":16,"column":64}},"16":{"start":{"line":17,"column":0},"end":{"line":17,"column":4}},"18":{"start":{"line":19,"column":0},"end":{"line":19,"column":19}},"19":{"start":{"line":20,"column":0},"end":{"line":20,"column":42}},"20":{"start":{"line":21,"column":0},"end":{"line":21,"column":15}},"21":{"start":{"line":22,"column":0},"end":{"line":22,"column":13}},"22":{"start":{"line":23,"column":0},"end":{"line":23,"column":15}},"23":{"start":{"line":24,"column":0},"end":{"line":24,"column":21}},"24":{"start":{"line":25,"column":0},"end":{"line":25,"column":43}},"25":{"start":{"line":26,"column":0},"end":{"line":26,"column":36}},"27":{"start":{"line":28,"column":0},"end":{"line":28,"column":11}},"28":{"start":{"line":29,"column":0},"end":{"line":29,"column":15}},"29":{"start":{"line":30,"column":0},"end":{"line":30,"column":6}},"30":{"start":{"line":31,"column":0},"end":{"line":31,"column":3}},"32":{"start":{"line":33,"column":0},"end":{"line":33,"column":51}},"33":{"start":{"line":34,"column":0},"end":{"line":34,"column":1}}},"s":{"0":1,"8":2,"9":2,"10":2,"12":2,"13":1,"14":1,"15":1,"16":1,"18":2,"19":2,"20":10,"21":10,"22":10,"23":10,"24":10,"25":10,"27":10,"28":10,"29":10,"30":10,"32":10,"33":10},"branchMap":{"0":{"type":"branch","line":9,"loc":{"start":{"line":9,"column":0},"end":{"line":34,"column":1}},"locations":[{"start":{"line":9,"column":0},"end":{"line":34,"column":1}}]},"1":{"type":"branch","line":20,"loc":{"start":{"line":20,"column":41},"end":{"line":34,"column":1}},"locations":[{"start":{"line":20,"column":41},"end":{"line":34,"column":1}}]},"2":{"type":"branch","line":13,"loc":{"start":{"line":13,"column":27},"end":{"line":17,"column":4}},"locations":[{"start":{"line":13,"column":27},"end":{"line":17,"column":4}}]},"3":{"type":"branch","line":25,"loc":{"start":{"line":25,"column":17},"end":{"line":25,"column":43}},"locations":[{"start":{"line":25,"column":17},"end":{"line":25,"column":43}}]}},"b":{"0":[2],"1":[10],"2":[1],"3":[1]},"fnMap":{"0":{"name":"Pagination","decl":{"start":{"line":9,"column":0},"end":{"line":34,"column":1}},"loc":{"start":{"line":9,"column":0},"end":{"line":34,"column":1}},"line":9},"1":{"name":"handlePageChange","decl":{"start":{"line":13,"column":27},"end":{"line":17,"column":4}},"loc":{"start":{"line":13,"column":27},"end":{"line":17,"column":4}},"line":13},"2":{"name":"onClick","decl":{"start":{"line":25,"column":17},"end":{"line":25,"column":43}},"loc":{"start":{"line":25,"column":17},"end":{"line":25,"column":43}},"line":25}},"f":{"0":2,"1":1,"2":1}}
,"D:\\Frontend\\Progect\\rss2023\\REACT2024Q3\\src\\components\\ThemeSelector.tsx": {"path":"D:\\Frontend\\Progect\\rss2023\\REACT2024Q3\\src\\components\\ThemeSelector.tsx","all":false,"statementMap":{"0":{"start":{"line":1,"column":0},"end":{"line":1,"column":51}},"2":{"start":{"line":3,"column":0},"end":{"line":3,"column":26}},"3":{"start":{"line":4,"column":0},"end":{"line":4,"column":41}},"5":{"start":{"line":6,"column":0},"end":{"line":6,"column":10}},"6":{"start":{"line":7,"column":0},"end":{"line":7,"column":34}},"7":{"start":{"line":8,"column":0},"end":{"line":8,"column":59}},"8":{"start":{"line":9,"column":0},"end":{"line":9,"column":14}},"9":{"start":{"line":10,"column":0},"end":{"line":10,"column":22}},"10":{"start":{"line":11,"column":0},"end":{"line":11,"column":26}},"11":{"start":{"line":12,"column":0},"end":{"line":12,"column":22}},"12":{"start":{"line":13,"column":0},"end":{"line":13,"column":23}},"13":{"start":{"line":14,"column":0},"end":{"line":14,"column":37}},"14":{"start":{"line":15,"column":0},"end":{"line":15,"column":44}},"15":{"start":{"line":16,"column":0},"end":{"line":16,"column":10}},"17":{"start":{"line":18,"column":0},"end":{"line":18,"column":14}},"18":{"start":{"line":19,"column":0},"end":{"line":19,"column":57}},"19":{"start":{"line":20,"column":0},"end":{"line":20,"column":14}},"20":{"start":{"line":21,"column":0},"end":{"line":21,"column":22}},"21":{"start":{"line":22,"column":0},"end":{"line":22,"column":25}},"22":{"start":{"line":23,"column":0},"end":{"line":23,"column":22}},"23":{"start":{"line":24,"column":0},"end":{"line":24,"column":22}},"24":{"start":{"line":25,"column":0},"end":{"line":25,"column":36}},"25":{"start":{"line":26,"column":0},"end":{"line":26,"column":43}},"26":{"start":{"line":27,"column":0},"end":{"line":27,"column":10}},"28":{"start":{"line":29,"column":0},"end":{"line":29,"column":14}},"29":{"start":{"line":30,"column":0},"end":{"line":30,"column":10}},"31":{"start":{"line":32,"column":0},"end":{"line":32,"column":1}},"33":{"start":{"line":34,"column":0},"end":{"line":34,"column":29}}},"s":{"0":1,"2":7,"3":7,"5":7,"6":7,"7":7,"8":7,"9":7,"10":7,"11":7,"12":7,"13":7,"14":7,"15":7,"17":7,"18":7,"19":7,"20":7,"21":7,"22":7,"23":7,"24":7,"25":7,"26":7,"28":7,"29":7,"31":7,"33":1},"branchMap":{"0":{"type":"branch","line":3,"loc":{"start":{"line":3,"column":0},"end":{"line":32,"column":1}},"locations":[{"start":{"line":3,"column":0},"end":{"line":32,"column":1}}]},"1":{"type":"branch","line":15,"loc":{"start":{"line":15,"column":20},"end":{"line":15,"column":44}},"locations":[{"start":{"line":15,"column":20},"end":{"line":15,"column":44}}]},"2":{"type":"branch","line":26,"loc":{"start":{"line":26,"column":20},"end":{"line":26,"column":43}},"locations":[{"start":{"line":26,"column":20},"end":{"line":26,"column":43}}]}},"b":{"0":[7],"1":[1],"2":[1]},"fnMap":{"0":{"name":"ThemeSelector","decl":{"start":{"line":3,"column":0},"end":{"line":32,"column":1}},"loc":{"start":{"line":3,"column":0},"end":{"line":32,"column":1}},"line":3},"1":{"name":"onChange","decl":{"start":{"line":15,"column":20},"end":{"line":15,"column":44}},"loc":{"start":{"line":15,"column":20},"end":{"line":15,"column":44}},"line":15},"2":{"name":"onChange","decl":{"start":{"line":26,"column":20},"end":{"line":26,"column":43}},"loc":{"start":{"line":26,"column":20},"end":{"line":26,"column":43}},"line":26}},"f":{"0":7,"1":1,"2":1}}
,"D:\\Frontend\\Progect\\rss2023\\REACT2024Q3\\src\\components\\content.tsx": {"path":"D:\\Frontend\\Progect\\rss2023\\REACT2024Q3\\src\\components\\content.tsx","all":false,"statementMap":{"0":{"start":{"line":1,"column":0},"end":{"line":1,"column":0}},"1":{"start":{"line":2,"column":0},"end":{"line":2,"column":23}},"2":{"start":{"line":3,"column":0},"end":{"line":3,"column":42}},"3":{"start":{"line":4,"column":0},"end":{"line":4,"column":52}},"6":{"start":{"line":7,"column":0},"end":{"line":7,"column":35}},"7":{"start":{"line":8,"column":0},"end":{"line":8,"column":76}},"8":{"start":{"line":9,"column":0},"end":{"line":9,"column":86}},"10":{"start":{"line":11,"column":0},"end":{"line":11,"column":10}},"11":{"start":{"line":12,"column":0},"end":{"line":12,"column":27}},"12":{"start":{"line":13,"column":0},"end":{"line":13,"column":81}},"13":{"start":{"line":14,"column":0},"end":{"line":14,"column":11}},"15":{"start":{"line":16,"column":0},"end":{"line":16,"column":1}}},"s":{"0":1,"1":1,"2":1,"3":1,"6":11,"7":11,"8":11,"10":11,"11":11,"12":11,"13":11,"15":11},"branchMap":{"0":{"type":"branch","line":7,"loc":{"start":{"line":7,"column":0},"end":{"line":16,"column":1}},"locations":[{"start":{"line":7,"column":0},"end":{"line":16,"column":1}}]},"1":{"type":"branch","line":8,"loc":{"start":{"line":8,"column":34},"end":{"line":8,"column":74}},"locations":[{"start":{"line":8,"column":34},"end":{"line":8,"column":74}}]},"2":{"type":"branch","line":9,"loc":{"start":{"line":9,"column":34},"end":{"line":9,"column":84}},"locations":[{"start":{"line":9,"column":34},"end":{"line":9,"column":84}}]}},"b":{"0":[11],"1":[26],"2":[29]},"fnMap":{"0":{"name":"Content","decl":{"start":{"line":7,"column":0},"end":{"line":16,"column":1}},"loc":{"start":{"line":7,"column":0},"end":{"line":16,"column":1}},"line":7}},"f":{"0":11}}
,"D:\\Frontend\\Progect\\rss2023\\REACT2024Q3\\src\\components\\errorBoundary.tsx": {"path":"D:\\Frontend\\Progect\\rss2023\\REACT2024Q3\\src\\components\\errorBoundary.tsx","all":false,"statementMap":{"0":{"start":{"line":1,"column":0},"end":{"line":1,"column":26}},"12":{"start":{"line":13,"column":0},"end":{"line":13,"column":100}},"13":{"start":{"line":14,"column":0},"end":{"line":14,"column":42}},"14":{"start":{"line":15,"column":0},"end":{"line":15,"column":17}},"15":{"start":{"line":16,"column":0},"end":{"line":16,"column":18}},"16":{"start":{"line":17,"column":0},"end":{"line":17,"column":22}},"17":{"start":{"line":18,"column":0},"end":{"line":18,"column":25}},"18":{"start":{"line":19,"column":0},"end":{"line":19,"column":6}},"19":{"start":{"line":20,"column":0},"end":{"line":20,"column":3}},"21":{"start":{"line":22,"column":0},"end":{"line":22,"column":49}},"22":{"start":{"line":23,"column":0},"end":{"line":23,"column":59}},"23":{"start":{"line":24,"column":0},"end":{"line":24,"column":3}},"25":{"start":{"line":26,"column":0},"end":{"line":26,"column":28}},"26":{"start":{"line":27,"column":0},"end":{"line":27,"column":59}},"27":{"start":{"line":28,"column":0},"end":{"line":28,"column":4}},"29":{"start":{"line":30,"column":0},"end":{"line":30,"column":32}},"30":{"start":{"line":31,"column":0},"end":{"line":31,"column":67}},"31":{"start":{"line":32,"column":0},"end":{"line":32,"column":4}},"33":{"start":{"line":34,"column":0},"end":{"line":34,"column":12}},"34":{"start":{"line":35,"column":0},"end":{"line":35,"column":50}},"35":{"start":{"line":36,"column":0},"end":{"line":36,"column":46}},"37":{"start":{"line":38,"column":0},"end":{"line":38,"column":19}},"38":{"start":{"line":39,"column":0},"end":{"line":39,"column":14}},"39":{"start":{"line":40,"column":0},"end":{"line":40,"column":13}},"40":{"start":{"line":41,"column":0},"end":{"line":41,"column":53}},"41":{"start":{"line":42,"column":0},"end":{"line":42,"column":20}},"42":{"start":{"line":43,"column":0},"end":{"line":43,"column":101}},"43":{"start":{"line":44,"column":0},"end":{"line":44,"column":14}},"45":{"start":{"line":46,"column":0},"end":{"line":46,"column":5}},"47":{"start":{"line":48,"column":0},"end":{"line":48,"column":35}},"48":{"start":{"line":49,"column":0},"end":{"line":49,"column":3}},"49":{"start":{"line":50,"column":0},"end":{"line":50,"column":1}}},"s":{"0":1,"12":1,"13":1,"14":8,"15":8,"16":8,"17":8,"18":8,"19":8,"21":1,"22":0,"23":0,"25":1,"26":1,"27":1,"29":1,"30":2,"31":2,"33":1,"34":14,"35":14,"37":14,"38":2,"39":2,"40":2,"41":2,"42":2,"43":2,"45":2,"47":12,"48":14,"49":1},"branchMap":{"0":{"type":"branch","line":14,"loc":{"start":{"line":14,"column":2},"end":{"line":20,"column":3}},"locations":[{"start":{"line":14,"column":2},"end":{"line":20,"column":3}}]},"1":{"type":"branch","line":26,"loc":{"start":{"line":26,"column":21},"end":{"line":28,"column":4}},"locations":[{"start":{"line":26,"column":21},"end":{"line":28,"column":4}}]},"2":{"type":"branch","line":30,"loc":{"start":{"line":30,"column":13},"end":{"line":32,"column":4}},"locations":[{"start":{"line":30,"column":13},"end":{"line":32,"column":4}}]},"3":{"type":"branch","line":34,"loc":{"start":{"line":34,"column":2},"end":{"line":49,"column":3}},"locations":[{"start":{"line":34,"column":2},"end":{"line":49,"column":3}}]},"4":{"type":"branch","line":38,"loc":{"start":{"line":38,"column":18},"end":{"line":46,"column":5}},"locations":[{"start":{"line":38,"column":18},"end":{"line":46,"column":5}}]},"5":{"type":"branch","line":46,"loc":{"start":{"line":46,"column":4},"end":{"line":48,"column":35}},"locations":[{"start":{"line":46,"column":4},"end":{"line":48,"column":35}}]}},"b":{"0":[8],"1":[1],"2":[2],"3":[14],"4":[2],"5":[12]},"fnMap":{"0":{"name":"ErrorBoundary","decl":{"start":{"line":14,"column":2},"end":{"line":20,"column":3}},"loc":{"start":{"line":14,"column":2},"end":{"line":20,"column":3}},"line":14},"1":{"name":"ErrorBoundary.handleResetError","decl":{"start":{"line":26,"column":21},"end":{"line":28,"column":4}},"loc":{"start":{"line":26,"column":21},"end":{"line":28,"column":4}},"line":26},"2":{"name":"ErrorBoundary.setError","decl":{"start":{"line":30,"column":13},"end":{"line":32,"column":4}},"loc":{"start":{"line":30,"column":13},"end":{"line":32,"column":4}},"line":30},"3":{"name":"getDerivedStateFromError","decl":{"start":{"line":22,"column":9},"end":{"line":24,"column":3}},"loc":{"start":{"line":22,"column":9},"end":{"line":24,"column":3}},"line":22},"4":{"name":"render","decl":{"start":{"line":34,"column":2},"end":{"line":49,"column":3}},"loc":{"start":{"line":34,"column":2},"end":{"line":49,"column":3}},"line":34}},"f":{"0":8,"1":1,"2":2,"3":0,"4":14}}
,"D:\\Frontend\\Progect\\rss2023\\REACT2024Q3\\src\\components\\header.tsx": {"path":"D:\\Frontend\\Progect\\rss2023\\REACT2024Q3\\src\\components\\header.tsx","all":false,"statementMap":{"0":{"start":{"line":1,"column":0},"end":{"line":1,"column":22}},"1":{"start":{"line":2,"column":0},"end":{"line":2,"column":40}},"2":{"start":{"line":3,"column":0},"end":{"line":3,"column":34}},"3":{"start":{"line":4,"column":0},"end":{"line":4,"column":37}},"12":{"start":{"line":13,"column":0},"end":{"line":13,"column":82}},"13":{"start":{"line":14,"column":0},"end":{"line":14,"column":57}},"15":{"start":{"line":16,"column":0},"end":{"line":16,"column":77}},"16":{"start":{"line":17,"column":0},"end":{"line":17,"column":33}},"17":{"start":{"line":18,"column":0},"end":{"line":18,"column":4}},"19":{"start":{"line":20,"column":0},"end":{"line":20,"column":30}},"20":{"start":{"line":21,"column":0},"end":{"line":21,"column":20}},"21":{"start":{"line":22,"column":0},"end":{"line":22,"column":4}},"23":{"start":{"line":24,"column":0},"end":{"line":24,"column":34}},"24":{"start":{"line":25,"column":0},"end":{"line":25,"column":9}},"25":{"start":{"line":26,"column":0},"end":{"line":26,"column":36}},"26":{"start":{"line":27,"column":0},"end":{"line":27,"column":21}},"27":{"start":{"line":28,"column":0},"end":{"line":28,"column":30}},"28":{"start":{"line":29,"column":0},"end":{"line":29,"column":5}},"29":{"start":{"line":30,"column":0},"end":{"line":30,"column":4}},"31":{"start":{"line":32,"column":0},"end":{"line":32,"column":10}},"32":{"start":{"line":33,"column":0},"end":{"line":33,"column":31}},"33":{"start":{"line":34,"column":0},"end":{"line":34,"column":58}},"34":{"start":{"line":35,"column":0},"end":{"line":35,"column":52}},"35":{"start":{"line":36,"column":0},"end":{"line":36,"column":61}},"36":{"start":{"line":37,"column":0},"end":{"line":37,"column":13}},"38":{"start":{"line":39,"column":0},"end":{"line":39,"column":1}}},"s":{"0":1,"1":1,"2":1,"3":1,"12":12,"13":12,"15":12,"16":1,"17":1,"19":12,"20":2,"21":2,"23":12,"24":2,"25":2,"26":2,"27":2,"28":2,"29":2,"31":12,"32":12,"33":12,"34":12,"35":12,"36":12,"38":12},"branchMap":{"0":{"type":"branch","line":13,"loc":{"start":{"line":13,"column":0},"end":{"line":39,"column":1}},"locations":[{"start":{"line":13,"column":0},"end":{"line":39,"column":1}}]},"1":{"type":"branch","line":14,"loc":{"start":{"line":14,"column":37},"end":{"line":14,"column":55}},"locations":[{"start":{"line":14,"column":37},"end":{"line":14,"column":55}}]},"2":{"type":"branch","line":16,"loc":{"start":{"line":16,"column":28},"end":{"line":18,"column":4}},"locations":[{"start":{"line":16,"column":28},"end":{"line":18,"column":4}}]},"3":{"type":"branch","line":20,"loc":{"start":{"line":20,"column":23},"end":{"line":22,"column":4}},"locations":[{"start":{"line":20,"column":23},"end":{"line":22,"column":4}}]},"4":{"type":"branch","line":24,"loc":{"start":{"line":24,"column":27},"end":{"line":30,"column":4}},"locations":[{"start":{"line":24,"column":27},"end":{"line":30,"column":4}}]}},"b":{"0":[12],"1":[5],"2":[1],"3":[2],"4":[2]},"fnMap":{"0":{"name":"Header","decl":{"start":{"line":13,"column":0},"end":{"line":39,"column":1}},"loc":{"start":{"line":13,"column":0},"end":{"line":39,"column":1}},"line":13},"1":{"name":"handleInputChange","decl":{"start":{"line":16,"column":28},"end":{"line":18,"column":4}},"loc":{"start":{"line":16,"column":28},"end":{"line":18,"column":4}},"line":16},"2":{"name":"handleSearch","decl":{"start":{"line":20,"column":23},"end":{"line":22,"column":4}},"loc":{"start":{"line":20,"column":23},"end":{"line":22,"column":4}},"line":20},"3":{"name":"handleThrowError","decl":{"start":{"line":24,"column":27},"end":{"line":30,"column":4}},"loc":{"start":{"line":24,"column":27},"end":{"line":30,"column":4}},"line":24}},"f":{"0":12,"1":1,"2":2,"3":2}}
,"D:\\Frontend\\Progect\\rss2023\\REACT2024Q3\\src\\components\\Button\\Button.tsx": {"path":"D:\\Frontend\\Progect\\rss2023\\REACT2024Q3\\src\\components\\Button\\Button.tsx","all":false,"statementMap":{"0":{"start":{"line":1,"column":0},"end":{"line":1,"column":26}},"1":{"start":{"line":2,"column":0},"end":{"line":2,"column":22}},"9":{"start":{"line":10,"column":0},"end":{"line":10,"column":68}},"10":{"start":{"line":11,"column":0},"end":{"line":11,"column":10}},"11":{"start":{"line":12,"column":0},"end":{"line":12,"column":63}},"12":{"start":{"line":13,"column":0},"end":{"line":13,"column":16}},"13":{"start":{"line":14,"column":0},"end":{"line":14,"column":13}},"15":{"start":{"line":16,"column":0},"end":{"line":16,"column":1}}},"s":{"0":1,"1":1,"9":25,"10":25,"11":25,"12":25,"13":25,"15":25},"branchMap":{"0":{"type":"branch","line":10,"loc":{"start":{"line":10,"column":0},"end":{"line":16,"column":1}},"locations":[{"start":{"line":10,"column":0},"end":{"line":16,"column":1}}]}},"b":{"0":[25]},"fnMap":{"0":{"name":"Button","decl":{"start":{"line":10,"column":0},"end":{"line":16,"column":1}},"loc":{"start":{"line":10,"column":0},"end":{"line":16,"column":1}},"line":10}},"f":{"0":25}}
,"D:\\Frontend\\Progect\\rss2023\\REACT2024Q3\\src\\components\\Input\\Input.tsx": {"path":"D:\\Frontend\\Progect\\rss2023\\REACT2024Q3\\src\\components\\Input\\Input.tsx","all":false,"statementMap":{"0":{"start":{"line":1,"column":0},"end":{"line":1,"column":27}},"7":{"start":{"line":8,"column":0},"end":{"line":8,"column":65}},"8":{"start":{"line":9,"column":0},"end":{"line":9,"column":12}},"9":{"start":{"line":10,"column":0},"end":{"line":10,"column":13}},"10":{"start":{"line":11,"column":0},"end":{"line":11,"column":26}},"11":{"start":{"line":12,"column":0},"end":{"line":12,"column":22}},"12":{"start":{"line":13,"column":0},"end":{"line":13,"column":29}},"13":{"start":{"line":14,"column":0},"end":{"line":14,"column":21}},"14":{"start":{"line":15,"column":0},"end":{"line":15,"column":27}},"15":{"start":{"line":16,"column":0},"end":{"line":16,"column":8}},"17":{"start":{"line":18,"column":0},"end":{"line":18,"column":1}}},"s":{"0":1,"7":12,"8":12,"9":12,"10":12,"11":12,"12":12,"13":12,"14":12,"15":12,"17":12},"branchMap":{"0":{"type":"branch","line":8,"loc":{"start":{"line":8,"column":0},"end":{"line":18,"column":1}},"locations":[{"start":{"line":8,"column":0},"end":{"line":18,"column":1}}]}},"b":{"0":[12]},"fnMap":{"0":{"name":"Input","decl":{"start":{"line":8,"column":0},"end":{"line":18,"column":1}},"loc":{"start":{"line":8,"column":0},"end":{"line":18,"column":1}},"line":8}},"f":{"0":12}}
,"D:\\Frontend\\Progect\\rss2023\\REACT2024Q3\\src\\context\\ThemeContext.tsx": {"path":"D:\\Frontend\\Progect\\rss2023\\REACT2024Q3\\src\\context\\ThemeContext.tsx","all":false,"statementMap":{"0":{"start":{"line":1,"column":0},"end":{"line":1,"column":80}},"9":{"start":{"line":10,"column":0},"end":{"line":10,"column":77}},"11":{"start":{"line":12,"column":0},"end":{"line":12,"column":31}},"12":{"start":{"line":13,"column":0},"end":{"line":13,"column":43}},"13":{"start":{"line":14,"column":0},"end":{"line":14,"column":17}},"14":{"start":{"line":15,"column":0},"end":{"line":15,"column":38}},"15":{"start":{"line":16,"column":0},"end":{"line":16,"column":3}},"16":{"start":{"line":17,"column":0},"end":{"line":17,"column":17}},"17":{"start":{"line":18,"column":0},"end":{"line":18,"column":2}},"19":{"start":{"line":20,"column":0},"end":{"line":20,"column":70}},"20":{"start":{"line":21,"column":0},"end":{"line":21,"column":53}},"22":{"start":{"line":23,"column":0},"end":{"line":23,"column":62}},"24":{"start":{"line":25,"column":0},"end":{"line":25,"column":10}},"25":{"start":{"line":26,"column":0},"end":{"line":26,"column":41}},"26":{"start":{"line":27,"column":0},"end":{"line":27,"column":52}},"27":{"start":{"line":28,"column":0},"end":{"line":28,"column":18}},"28":{"start":{"line":29,"column":0},"end":{"line":29,"column":12}},"29":{"start":{"line":30,"column":0},"end":{"line":30,"column":28}},"31":{"start":{"line":32,"column":0},"end":{"line":32,"column":2}}},"s":{"0":1,"9":1,"11":1,"12":7,"13":7,"14":0,"15":0,"16":7,"17":7,"19":1,"20":7,"22":7,"24":7,"25":7,"26":7,"27":7,"28":7,"29":7,"31":1},"branchMap":{"0":{"type":"branch","line":12,"loc":{"start":{"line":12,"column":24},"end":{"line":18,"column":2}},"locations":[{"start":{"line":12,"column":24},"end":{"line":18,"column":2}}]},"1":{"type":"branch","line":14,"loc":{"start":{"line":14,"column":16},"end":{"line":16,"column":3}},"locations":[{"start":{"line":14,"column":16},"end":{"line":16,"column":3}}]},"2":{"type":"branch","line":20,"loc":{"start":{"line":20,"column":7},"end":{"line":32,"column":1}},"locations":[{"start":{"line":20,"column":7},"end":{"line":32,"column":1}}]},"3":{"type":"branch","line":23,"loc":{"start":{"line":23,"column":24},"end":{"line":23,"column":53}},"locations":[{"start":{"line":23,"column":24},"end":{"line":23,"column":53}}]}},"b":{"0":[7],"1":[0],"2":[7],"3":[7]},"fnMap":{"0":{"name":"useTheme","decl":{"start":{"line":12,"column":24},"end":{"line":18,"column":2}},"loc":{"start":{"line":12,"column":24},"end":{"line":18,"column":2}},"line":12},"1":{"name":"ThemeProvider","decl":{"start":{"line":20,"column":7},"end":{"line":32,"column":1}},"loc":{"start":{"line":20,"column":7},"end":{"line":32,"column":1}},"line":20}},"f":{"0":7,"1":7}}
,"D:\\Frontend\\Progect\\rss2023\\REACT2024Q3\\src\\hooks\\useSearchQuery.tsx": {"path":"D:\\Frontend\\Progect\\rss2023\\REACT2024Q3\\src\\hooks\\useSearchQuery.tsx","all":false,"statementMap":{"0":{"start":{"line":1,"column":0},"end":{"line":1,"column":44}},"2":{"start":{"line":3,"column":0},"end":{"line":3,"column":54}},"3":{"start":{"line":4,"column":0},"end":{"line":4,"column":76}},"5":{"start":{"line":6,"column":0},"end":{"line":6,"column":19}},"6":{"start":{"line":7,"column":0},"end":{"line":7,"column":39}},"7":{"start":{"line":8,"column":0},"end":{"line":8,"column":19}},"9":{"start":{"line":10,"column":0},"end":{"line":10,"column":36}},"10":{"start":{"line":11,"column":0},"end":{"line":11,"column":2}}},"s":{"0":1,"2":3,"3":3,"5":3,"6":3,"7":3,"9":3,"10":1},"branchMap":{"0":{"type":"branch","line":3,"loc":{"start":{"line":3,"column":0},"end":{"line":11,"column":1}},"locations":[{"start":{"line":3,"column":0},"end":{"line":11,"column":1}}]},"1":{"type":"branch","line":4,"loc":{"start":{"line":4,"column":37},"end":{"line":4,"column":74}},"locations":[{"start":{"line":4,"column":37},"end":{"line":4,"column":74}}]},"2":{"type":"branch","line":4,"loc":{"start":{"line":4,"column":67},"end":{"line":4,"column":74}},"locations":[{"start":{"line":4,"column":67},"end":{"line":4,"column":74}}]},"3":{"type":"branch","line":6,"loc":{"start":{"line":6,"column":12},"end":{"line":8,"column":5}},"locations":[{"start":{"line":6,"column":12},"end":{"line":8,"column":5}}]}},"b":{"0":[3],"1":[2],"2":[1],"3":[3]},"fnMap":{"0":{"name":"useSearchQuery","decl":{"start":{"line":3,"column":0},"end":{"line":11,"column":1}},"loc":{"start":{"line":3,"column":0},"end":{"line":11,"column":1}},"line":3}},"f":{"0":3}}
,"D:\\Frontend\\Progect\\rss2023\\REACT2024Q3\\src\\pages\\Home.tsx": {"path":"D:\\Frontend\\Progect\\rss2023\\REACT2024Q3\\src\\pages\\Home.tsx","all":false,"statementMap":{"0":{"start":{"line":1,"column":0},"end":{"line":1,"column":34}},"1":{"start":{"line":2,"column":0},"end":{"line":2,"column":55}},"2":{"start":{"line":3,"column":0},"end":{"line":3,"column":47}},"3":{"start":{"line":4,"column":0},"end":{"line":4,"column":42}},"4":{"start":{"line":5,"column":0},"end":{"line":5,"column":44}},"5":{"start":{"line":6,"column":0},"end":{"line":6,"column":56}},"7":{"start":{"line":8,"column":0},"end":{"line":8,"column":58}},"8":{"start":{"line":9,"column":0},"end":{"line":9,"column":54}},"10":{"start":{"line":11,"column":0},"end":{"line":11,"column":32}},"11":{"start":{"line":12,"column":0},"end":{"line":12,"column":33}},"12":{"start":{"line":13,"column":0},"end":{"line":13,"column":33}},"13":{"start":{"line":14,"column":0},"end":{"line":14,"column":70}},"15":{"start":{"line":16,"column":0},"end":{"line":16,"column":46}},"16":{"start":{"line":17,"column":0},"end":{"line":17,"column":39}},"17":{"start":{"line":18,"column":0},"end":{"line":18,"column":54}},"18":{"start":{"line":19,"column":0},"end":{"line":19,"column":32}},"19":{"start":{"line":20,"column":0},"end":{"line":20,"column":24}},"20":{"start":{"line":21,"column":0},"end":{"line":21,"column":4}},"22":{"start":{"line":23,"column":0},"end":{"line":23,"column":19}},"23":{"start":{"line":24,"column":0},"end":{"line":24,"column":63}},"24":{"start":{"line":25,"column":0},"end":{"line":25,"column":21}},"25":{"start":{"line":26,"column":0},"end":{"line":26,"column":43}},"26":{"start":{"line":27,"column":0},"end":{"line":27,"column":34}},"27":{"start":{"line":28,"column":0},"end":{"line":28,"column":26}},"28":{"start":{"line":29,"column":0},"end":{"line":29,"column":5}},"29":{"start":{"line":30,"column":0},"end":{"line":30,"column":27}},"31":{"start":{"line":32,"column":0},"end":{"line":32,"column":10}},"32":{"start":{"line":33,"column":0},"end":{"line":33,"column":117}},"33":{"start":{"line":34,"column":0},"end":{"line":34,"column":22}},"34":{"start":{"line":35,"column":0},"end":{"line":35,"column":10}},"35":{"start":{"line":36,"column":0},"end":{"line":36,"column":84}},"36":{"start":{"line":37,"column":0},"end":{"line":37,"column":21}},"37":{"start":{"line":38,"column":0},"end":{"line":38,"column":11}},"39":{"start":{"line":40,"column":0},"end":{"line":40,"column":20}},"41":{"start":{"line":42,"column":0},"end":{"line":42,"column":1}}},"s":{"0":1,"1":1,"2":1,"3":1,"4":1,"5":1,"7":1,"8":1,"10":10,"11":10,"12":10,"13":10,"15":10,"16":1,"17":1,"18":1,"19":1,"20":1,"22":10,"23":6,"24":6,"25":1,"26":1,"27":1,"28":1,"29":10,"31":10,"32":10,"33":10,"34":10,"35":10,"36":10,"37":10,"39":10,"41":10},"branchMap":{"0":{"type":"branch","line":11,"loc":{"start":{"line":11,"column":0},"end":{"line":42,"column":1}},"locations":[{"start":{"line":11,"column":0},"end":{"line":42,"column":1}}]},"1":{"type":"branch","line":14,"loc":{"start":{"line":14,"column":28},"end":{"line":14,"column":68}},"locations":[{"start":{"line":14,"column":28},"end":{"line":14,"column":68}}]},"2":{"type":"branch","line":16,"loc":{"start":{"line":16,"column":23},"end":{"line":21,"column":4}},"locations":[{"start":{"line":16,"column":23},"end":{"line":21,"column":4}}]},"3":{"type":"branch","line":23,"loc":{"start":{"line":23,"column":12},"end":{"line":30,"column":5}},"locations":[{"start":{"line":23,"column":12},"end":{"line":30,"column":5}}]},"4":{"type":"branch","line":25,"loc":{"start":{"line":25,"column":20},"end":{"line":29,"column":5}},"locations":[{"start":{"line":25,"column":20},"end":{"line":29,"column":5}}]},"5":{"type":"branch","line":34,"loc":{"start":{"line":34,"column":7},"end":{"line":38,"column":11}},"locations":[{"start":{"line":34,"column":7},"end":{"line":38,"column":11}}]}},"b":{"0":[10],"1":[24],"2":[1],"3":[6],"4":[1],"5":[10]},"fnMap":{"0":{"name":"Home","decl":{"start":{"line":11,"column":0},"end":{"line":42,"column":1}},"loc":{"start":{"line":11,"column":0},"end":{"line":42,"column":1}},"line":11},"1":{"name":"handleSearch","decl":{"start":{"line":16,"column":23},"end":{"line":21,"column":4}},"loc":{"start":{"line":16,"column":23},"end":{"line":21,"column":4}},"line":16},"2":{"name":"children","decl":{"start":{"line":34,"column":7},"end":{"line":38,"column":11}},"loc":{"start":{"line":34,"column":7},"end":{"line":38,"column":11}},"line":34}},"f":{"0":10,"1":1,"2":10}}
,"D:\\Frontend\\Progect\\rss2023\\REACT2024Q3\\src\\pages\\NotFound.tsx": {"path":"D:\\Frontend\\Progect\\rss2023\\REACT2024Q3\\src\\pages\\NotFound.tsx","all":false,"statementMap":{"0":{"start":{"line":1,"column":0},"end":{"line":1,"column":37}},"1":{"start":{"line":2,"column":0},"end":{"line":2,"column":41}},"2":{"start":{"line":3,"column":0},"end":{"line":3,"column":2}}},"s":{"0":3,"1":3,"2":1},"branchMap":{"0":{"type":"branch","line":1,"loc":{"start":{"line":1,"column":0},"end":{"line":3,"column":1}},"locations":[{"start":{"line":1,"column":0},"end":{"line":3,"column":1}}]}},"b":{"0":[3]},"fnMap":{"0":{"name":"NotFound","decl":{"start":{"line":1,"column":0},"end":{"line":3,"column":1}},"loc":{"start":{"line":1,"column":0},"end":{"line":3,"column":1}},"line":1}},"f":{"0":3}}
,"D:\\Frontend\\Progect\\rss2023\\REACT2024Q3\\src\\services\\Stapi.tsx": {"path":"D:\\Frontend\\Progect\\rss2023\\REACT2024Q3\\src\\services\\Stapi.tsx","all":false,"statementMap":{"0":{"start":{"line":1,"column":0},"end":{"line":1,"column":34}},"1":{"start":{"line":2,"column":0},"end":{"line":2,"column":55}},"2":{"start":{"line":3,"column":0},"end":{"line":3,"column":68}},"4":{"start":{"line":5,"column":0},"end":{"line":5,"column":58}},"5":{"start":{"line":6,"column":0},"end":{"line":6,"column":75}},"6":{"start":{"line":7,"column":0},"end":{"line":7,"column":88}},"7":{"start":{"line":8,"column":0},"end":{"line":8,"column":86}},"8":{"start":{"line":9,"column":0},"end":{"line":9,"column":50}},"9":{"start":{"line":10,"column":0},"end":{"line":10,"column":42}},"16":{"start":{"line":17,"column":0},"end":{"line":17,"column":101}},"17":{"start":{"line":18,"column":0},"end":{"line":18,"column":33}},"18":{"start":{"line":19,"column":0},"end":{"line":19,"column":33}},"19":{"start":{"line":20,"column":0},"end":{"line":20,"column":33}},"21":{"start":{"line":22,"column":0},"end":{"line":22,"column":19}},"22":{"start":{"line":23,"column":0},"end":{"line":23,"column":62}},"23":{"start":{"line":24,"column":0},"end":{"line":24,"column":63}},"24":{"start":{"line":25,"column":0},"end":{"line":25,"column":35}},"25":{"start":{"line":26,"column":0},"end":{"line":26,"column":34}},"27":{"start":{"line":28,"column":0},"end":{"line":28,"column":130}},"29":{"start":{"line":30,"column":0},"end":{"line":30,"column":19}},"30":{"start":{"line":31,"column":0},"end":{"line":31,"column":15}},"31":{"start":{"line":32,"column":0},"end":{"line":32,"column":65}},"32":{"start":{"line":33,"column":0},"end":{"line":33,"column":5}},"33":{"start":{"line":34,"column":0},"end":{"line":34,"column":23}},"35":{"start":{"line":36,"column":0},"end":{"line":36,"column":87}},"36":{"start":{"line":37,"column":0},"end":{"line":37,"column":99}},"38":{"start":{"line":39,"column":0},"end":{"line":39,"column":123}},"40":{"start":{"line":41,"column":0},"end":{"line":41,"column":61}},"41":{"start":{"line":42,"column":0},"end":{"line":42,"column":26}},"42":{"start":{"line":43,"column":0},"end":{"line":43,"column":46}},"43":{"start":{"line":44,"column":0},"end":{"line":44,"column":12}},"44":{"start":{"line":45,"column":0},"end":{"line":45,"column":39}},"45":{"start":{"line":46,"column":0},"end":{"line":46,"column":5}},"46":{"start":{"line":47,"column":0},"end":{"line":47,"column":4}},"48":{"start":{"line":49,"column":0},"end":{"line":49,"column":56}},"49":{"start":{"line":50,"column":0},"end":{"line":50,"column":35}},"50":{"start":{"line":51,"column":0},"end":{"line":51,"column":4}},"52":{"start":{"line":53,"column":0},"end":{"line":53,"column":19}},"53":{"start":{"line":54,"column":0},"end":{"line":54,"column":54}},"54":{"start":{"line":55,"column":0},"end":{"line":55,"column":3}},"56":{"start":{"line":57,"column":0},"end":{"line":57,"column":14}},"57":{"start":{"line":58,"column":0},"end":{"line":58,"column":53}},"58":{"start":{"line":59,"column":0},"end":{"line":59,"column":3}},"60":{"start":{"line":61,"column":0},"end":{"line":61,"column":10}},"61":{"start":{"line":62,"column":0},"end":{"line":62,"column":37}},"62":{"start":{"line":63,"column":0},"end":{"line":63,"column":54}},"63":{"start":{"line":64,"column":0},"end":{"line":64,"column":48}},"64":{"start":{"line":65,"column":0},"end":{"line":65,"column":51}},"65":{"start":{"line":66,"column":0},"end":{"line":66,"column":52}},"66":{"start":{"line":67,"column":0},"end":{"line":67,"column":35}},"68":{"start":{"line":69,"column":0},"end":{"line":69,"column":58}},"69":{"start":{"line":70,"column":0},"end":{"line":70,"column":18}},"70":{"start":{"line":71,"column":0},"end":{"line":71,"column":29}},"71":{"start":{"line":72,"column":0},"end":{"line":72,"column":47}},"72":{"start":{"line":73,"column":0},"end":{"line":73,"column":52}},"73":{"start":{"line":74,"column":0},"end":{"line":74,"column":83}},"74":{"start":{"line":75,"column":0},"end":{"line":75,"column":29}},"75":{"start":{"line":76,"column":0},"end":{"line":76,"column":28}},"77":{"start":{"line":78,"column":0},"end":{"line":78,"column":35}},"78":{"start":{"line":79,"column":0},"end":{"line":79,"column":57}},"79":{"start":{"line":80,"column":0},"end":{"line":80,"column":79}},"80":{"start":{"line":81,"column":0},"end":{"line":81,"column":22}},"81":{"start":{"line":82,"column":0},"end":{"line":82,"column":33}},"82":{"start":{"line":83,"column":0},"end":{"line":83,"column":43}},"83":{"start":{"line":84,"column":0},"end":{"line":84,"column":60}},"84":{"start":{"line":85,"column":0},"end":{"line":85,"column":54}},"85":{"start":{"line":86,"column":0},"end":{"line":86,"column":18}},"86":{"start":{"line":87,"column":0},"end":{"line":87,"column":20}},"87":{"start":{"line":88,"column":0},"end":{"line":88,"column":14}},"89":{"start":{"line":90,"column":0},"end":{"line":90,"column":14}},"90":{"start":{"line":91,"column":0},"end":{"line":91,"column":88}},"91":{"start":{"line":92,"column":0},"end":{"line":92,"column":12}},"92":{"start":{"line":93,"column":0},"end":{"line":93,"column":16}},"93":{"start":{"line":94,"column":0},"end":{"line":94,"column":10}},"95":{"start":{"line":96,"column":0},"end":{"line":96,"column":1}}},"s":{"0":1,"1":1,"2":1,"4":1,"5":1,"6":1,"7":1,"8":1,"9":1,"16":15,"17":15,"18":15,"19":15,"21":15,"22":9,"23":9,"24":9,"25":15,"27":15,"29":15,"30":7,"31":0,"32":0,"33":15,"35":15,"36":15,"38":15,"40":15,"41":0,"42":0,"43":0,"44":0,"45":0,"46":0,"48":15,"49":0,"50":0,"52":15,"53":15,"54":15,"56":0,"57":0,"58":0,"60":0,"61":0,"62":0,"63":0,"64":15,"65":15,"66":0,"68":0,"69":0,"70":0,"71":0,"72":0,"73":0,"74":0,"75":0,"77":0,"78":0,"79":0,"80":0,"81":0,"82":0,"83":0,"84":0,"85":0,"86":0,"87":0,"89":15,"90":15,"91":15,"92":15,"93":15,"95":15},"branchMap":{"0":{"type":"branch","line":17,"loc":{"start":{"line":17,"column":0},"end":{"line":96,"column":1}},"locations":[{"start":{"line":17,"column":0},"end":{"line":96,"column":1}}]},"1":{"type":"branch","line":55,"loc":{"start":{"line":55,"column":2},"end":{"line":64,"column":48}},"locations":[{"start":{"line":55,"column":2},"end":{"line":64,"column":48}}]},"2":{"type":"branch","line":66,"loc":{"start":{"line":66,"column":11},"end":{"line":66,"column":52}},"locations":[{"start":{"line":66,"column":11},"end":{"line":66,"column":52}}]},"3":{"type":"branch","line":66,"loc":{"start":{"line":66,"column":47},"end":{"line":67,"column":35}},"locations":[{"start":{"line":66,"column":47},"end":{"line":67,"column":35}}]},"4":{"type":"branch","line":67,"loc":{"start":{"line":67,"column":31},"end":{"line":88,"column":14}},"locations":[{"start":{"line":67,"column":31},"end":{"line":88,"column":14}}]},"5":{"type":"branch","line":91,"loc":{"start":{"line":91,"column":58},"end":{"line":91,"column":69}},"locations":[{"start":{"line":91,"column":58},"end":{"line":91,"column":69}}]},"6":{"type":"branch","line":91,"loc":{"start":{"line":91,"column":69},"end":{"line":91,"column":86}},"locations":[{"start":{"line":91,"column":69},"end":{"line":91,"column":86}}]},"7":{"type":"branch","line":22,"loc":{"start":{"line":22,"column":12},"end":{"line":26,"column":5}},"locations":[{"start":{"line":22,"column":12},"end":{"line":26,"column":5}}]},"8":{"type":"branch","line":24,"loc":{"start":{"line":24,"column":49},"end":{"line":24,"column":59}},"locations":[{"start":{"line":24,"column":49},"end":{"line":24,"column":59}}]},"9":{"type":"branch","line":30,"loc":{"start":{"line":30,"column":12},"end":{"line":34,"column":5}},"locations":[{"start":{"line":30,"column":12},"end":{"line":34,"column":5}}]},"10":{"type":"branch","line":31,"loc":{"start":{"line":31,"column":14},"end":{"line":33,"column":5}},"locations":[{"start":{"line":31,"column":14},"end":{"line":33,"column":5}}]},"11":{"type":"branch","line":36,"loc":{"start":{"line":36,"column":33},"end":{"line":36,"column":85}},"locations":[{"start":{"line":36,"column":33},"end":{"line":36,"column":85}}]},"12":{"type":"branch","line":37,"loc":{"start":{"line":37,"column":38},"end":{"line":37,"column":97}},"locations":[{"start":{"line":37,"column":38},"end":{"line":37,"column":97}}]}},"b":{"0":[15],"1":[0],"2":[0],"3":[0],"4":[0],"5":[0],"6":[0],"7":[9],"8":[7],"9":[7],"10":[0],"11":[32],"12":[32]},"fnMap":{"0":{"name":"AstronomicalObjects","decl":{"start":{"line":17,"column":0},"end":{"line":96,"column":1}},"loc":{"start":{"line":17,"column":0},"end":{"line":96,"column":1}},"line":17},"1":{"name":"isSelected","decl":{"start":{"line":39,"column":21},"end":{"line":39,"column":123}},"loc":{"start":{"line":39,"column":21},"end":{"line":39,"column":123}},"line":39},"2":{"name":"handleCheckboxChange","decl":{"start":{"line":41,"column":31},"end":{"line":47,"column":4}},"loc":{"start":{"line":41,"column":31},"end":{"line":47,"column":4}},"line":41},"3":{"name":"handleItemClick","decl":{"start":{"line":49,"column":26},"end":{"line":51,"column":4}},"loc":{"start":{"line":49,"column":26},"end":{"line":51,"column":4}},"line":49}},"f":{"0":15,"1":0,"2":0,"3":0}}
,"D:\\Frontend\\Progect\\rss2023\\REACT2024Q3\\src\\services\\astronomicalObjectsApi.tsx": {"path":"D:\\Frontend\\Progect\\rss2023\\REACT2024Q3\\src\\services\\astronomicalObjectsApi.tsx","all":false,"statementMap":{"0":{"start":{"line":1,"column":0},"end":{"line":1,"column":73}},"31":{"start":{"line":32,"column":0},"end":{"line":32,"column":42}},"32":{"start":{"line":33,"column":0},"end":{"line":33,"column":40}},"33":{"start":{"line":34,"column":0},"end":{"line":34,"column":73}},"34":{"start":{"line":35,"column":0},"end":{"line":35,"column":28}},"35":{"start":{"line":36,"column":0},"end":{"line":36,"column":112}},"36":{"start":{"line":37,"column":0},"end":{"line":37,"column":42}},"37":{"start":{"line":38,"column":0},"end":{"line":38,"column":64}},"38":{"start":{"line":39,"column":0},"end":{"line":39,"column":23}},"39":{"start":{"line":40,"column":0},"end":{"line":40,"column":18}},"40":{"start":{"line":41,"column":0},"end":{"line":41,"column":39}},"41":{"start":{"line":42,"column":0},"end":{"line":42,"column":62}},"42":{"start":{"line":43,"column":0},"end":{"line":43,"column":10}},"43":{"start":{"line":44,"column":0},"end":{"line":44,"column":36}},"44":{"start":{"line":45,"column":0},"end":{"line":45,"column":9}},"45":{"start":{"line":46,"column":0},"end":{"line":46,"column":7}},"46":{"start":{"line":47,"column":0},"end":{"line":47,"column":94}},"47":{"start":{"line":48,"column":0},"end":{"line":48,"column":54}},"48":{"start":{"line":49,"column":0},"end":{"line":49,"column":7}},"49":{"start":{"line":50,"column":0},"end":{"line":50,"column":5}},"50":{"start":{"line":51,"column":0},"end":{"line":51,"column":3}},"52":{"start":{"line":53,"column":0},"end":{"line":53,"column":38}}},"s":{"0":1,"31":1,"32":1,"33":1,"34":1,"35":4,"36":4,"37":5,"38":5,"39":5,"40":5,"41":5,"42":5,"43":5,"44":5,"45":4,"46":4,"47":4,"48":4,"49":4,"50":1,"52":1},"branchMap":{"0":{"type":"branch","line":35,"loc":{"start":{"line":35,"column":13},"end":{"line":50,"column":5}},"locations":[{"start":{"line":35,"column":13},"end":{"line":50,"column":5}}]},"1":{"type":"branch","line":37,"loc":{"start":{"line":37,"column":13},"end":{"line":45,"column":9}},"locations":[{"start":{"line":37,"column":13},"end":{"line":45,"column":9}}]},"2":{"type":"branch","line":48,"loc":{"start":{"line":48,"column":13},"end":{"line":48,"column":54}},"locations":[{"start":{"line":48,"column":13},"end":{"line":48,"column":54}}]}},"b":{"0":[4],"1":[5],"2":[1]},"fnMap":{"0":{"name":"endpoints","decl":{"start":{"line":35,"column":13},"end":{"line":50,"column":5}},"loc":{"start":{"line":35,"column":13},"end":{"line":50,"column":5}},"line":35},"1":{"name":"query","decl":{"start":{"line":37,"column":13},"end":{"line":45,"column":9}},"loc":{"start":{"line":37,"column":13},"end":{"line":45,"column":9}},"line":37},"2":{"name":"query","decl":{"start":{"line":48,"column":13},"end":{"line":48,"column":54}},"loc":{"start":{"line":48,"column":13},"end":{"line":48,"column":54}},"line":48}},"f":{"0":4,"1":5,"2":1}}
,"D:\\Frontend\\Progect\\rss2023\\REACT2024Q3\\src\\slice\\astronomicalObjectsSlice.tsx": {"path":"D:\\Frontend\\Progect\\rss2023\\REACT2024Q3\\src\\slice\\astronomicalObjectsSlice.tsx","all":false,"statementMap":{"0":{"start":{"line":1,"column":0},"end":{"line":1,"column":0}},"1":{"start":{"line":2,"column":0},"end":{"line":2,"column":62}},"8":{"start":{"line":9,"column":0},"end":{"line":9,"column":48}},"9":{"start":{"line":10,"column":0},"end":{"line":10,"column":13}},"10":{"start":{"line":11,"column":0},"end":{"line":11,"column":2}},"12":{"start":{"line":13,"column":0},"end":{"line":13,"column":46}},"13":{"start":{"line":14,"column":0},"end":{"line":14,"column":30}},"14":{"start":{"line":15,"column":0},"end":{"line":15,"column":15}},"15":{"start":{"line":16,"column":0},"end":{"line":16,"column":13}},"16":{"start":{"line":17,"column":0},"end":{"line":17,"column":80}},"17":{"start":{"line":18,"column":0},"end":{"line":18,"column":34}},"18":{"start":{"line":19,"column":0},"end":{"line":19,"column":6}},"19":{"start":{"line":20,"column":0},"end":{"line":20,"column":37}},"20":{"start":{"line":21,"column":0},"end":{"line":21,"column":24}},"21":{"start":{"line":22,"column":0},"end":{"line":22,"column":5}},"22":{"start":{"line":23,"column":0},"end":{"line":23,"column":4}},"23":{"start":{"line":24,"column":0},"end":{"line":24,"column":3}},"25":{"start":{"line":26,"column":0},"end":{"line":26,"column":101}},"26":{"start":{"line":27,"column":0},"end":{"line":27,"column":48}}},"s":{"0":1,"1":1,"8":1,"9":1,"10":1,"12":1,"13":1,"14":1,"15":1,"16":1,"17":1,"18":1,"19":1,"20":1,"21":1,"22":1,"23":1,"25":1,"26":1},"branchMap":{"0":{"type":"branch","line":17,"loc":{"start":{"line":17,"column":4},"end":{"line":19,"column":6}},"locations":[{"start":{"line":17,"column":4},"end":{"line":19,"column":6}}]},"1":{"type":"branch","line":20,"loc":{"start":{"line":20,"column":4},"end":{"line":22,"column":5}},"locations":[{"start":{"line":20,"column":4},"end":{"line":22,"column":5}}]}},"b":{"0":[1],"1":[1]},"fnMap":{"0":{"name":"setAstronomicalObjects","decl":{"start":{"line":17,"column":4},"end":{"line":19,"column":6}},"loc":{"start":{"line":17,"column":4},"end":{"line":19,"column":6}},"line":17},"1":{"name":"clearAstronomicalObjects","decl":{"start":{"line":20,"column":4},"end":{"line":22,"column":5}},"loc":{"start":{"line":20,"column":4},"end":{"line":22,"column":5}},"line":20}},"f":{"0":1,"1":1}}
,"D:\\Frontend\\Progect\\rss2023\\REACT2024Q3\\src\\slice\\paginationSlice.tsx": {"path":"D:\\Frontend\\Progect\\rss2023\\REACT2024Q3\\src\\slice\\paginationSlice.tsx","all":false,"statementMap":{"0":{"start":{"line":1,"column":0},"end":{"line":1,"column":62}},"6":{"start":{"line":7,"column":0},"end":{"line":7,"column":39}},"7":{"start":{"line":8,"column":0},"end":{"line":8,"column":17}},"8":{"start":{"line":9,"column":0},"end":{"line":9,"column":2}},"10":{"start":{"line":11,"column":0},"end":{"line":11,"column":37}},"11":{"start":{"line":12,"column":0},"end":{"line":12,"column":21}},"12":{"start":{"line":13,"column":0},"end":{"line":13,"column":15}},"13":{"start":{"line":14,"column":0},"end":{"line":14,"column":13}},"14":{"start":{"line":15,"column":0},"end":{"line":15,"column":58}},"15":{"start":{"line":16,"column":0},"end":{"line":16,"column":41}},"16":{"start":{"line":17,"column":0},"end":{"line":17,"column":6}},"17":{"start":{"line":18,"column":0},"end":{"line":18,"column":4}},"18":{"start":{"line":19,"column":0},"end":{"line":19,"column":3}},"20":{"start":{"line":21,"column":0},"end":{"line":21,"column":58}},"21":{"start":{"line":22,"column":0},"end":{"line":22,"column":39}}},"s":{"0":1,"6":1,"7":1,"8":1,"10":1,"11":1,"12":1,"13":1,"14":1,"15":11,"16":11,"17":1,"18":1,"20":1,"21":1},"branchMap":{"0":{"type":"branch","line":15,"loc":{"start":{"line":15,"column":4},"end":{"line":17,"column":6}},"locations":[{"start":{"line":15,"column":4},"end":{"line":17,"column":6}}]}},"b":{"0":[11]},"fnMap":{"0":{"name":"setCurrentPage","decl":{"start":{"line":15,"column":4},"end":{"line":17,"column":6}},"loc":{"start":{"line":15,"column":4},"end":{"line":17,"column":6}},"line":15}},"f":{"0":11}}
,"D:\\Frontend\\Progect\\rss2023\\REACT2024Q3\\src\\slice\\searchSlice.tsx": {"path":"D:\\Frontend\\Progect\\rss2023\\REACT2024Q3\\src\\slice\\searchSlice.tsx","all":false,"statementMap":{"0":{"start":{"line":1,"column":0},"end":{"line":1,"column":0}},"1":{"start":{"line":2,"column":0},"end":{"line":2,"column":62}},"7":{"start":{"line":8,"column":0},"end":{"line":8,"column":35}},"8":{"start":{"line":9,"column":0},"end":{"line":9,"column":12}},"9":{"start":{"line":10,"column":0},"end":{"line":10,"column":2}},"11":{"start":{"line":12,"column":0},"end":{"line":12,"column":33}},"12":{"start":{"line":13,"column":0},"end":{"line":13,"column":17}},"13":{"start":{"line":14,"column":0},"end":{"line":14,"column":15}},"14":{"start":{"line":15,"column":0},"end":{"line":15,"column":13}},"15":{"start":{"line":16,"column":0},"end":{"line":16,"column":58}},"16":{"start":{"line":17,"column":0},"end":{"line":17,"column":35}},"17":{"start":{"line":18,"column":0},"end":{"line":18,"column":6}},"18":{"start":{"line":19,"column":0},"end":{"line":19,"column":4}},"19":{"start":{"line":20,"column":0},"end":{"line":20,"column":3}},"21":{"start":{"line":22,"column":0},"end":{"line":22,"column":54}},"22":{"start":{"line":23,"column":0},"end":{"line":23,"column":35}}},"s":{"0":1,"1":1,"7":1,"8":1,"9":1,"11":1,"12":1,"13":1,"14":1,"15":1,"16":3,"17":3,"18":1,"19":1,"21":1,"22":1},"branchMap":{"0":{"type":"branch","line":16,"loc":{"start":{"line":16,"column":4},"end":{"line":18,"column":6}},"locations":[{"start":{"line":16,"column":4},"end":{"line":18,"column":6}}]}},"b":{"0":[3]},"fnMap":{"0":{"name":"setSearchQuery","decl":{"start":{"line":16,"column":4},"end":{"line":18,"column":6}},"loc":{"start":{"line":16,"column":4},"end":{"line":18,"column":6}},"line":16}},"f":{"0":3}}
,"D:\\Frontend\\Progect\\rss2023\\REACT2024Q3\\src\\slice\\selectedObjectSlice.tsx": {"path":"D:\\Frontend\\Progect\\rss2023\\REACT2024Q3\\src\\slice\\selectedObjectSlice.tsx","all":false,"statementMap":{"0":{"start":{"line":1,"column":0},"end":{"line":1,"column":62}},"7":{"start":{"line":8,"column":0},"end":{"line":8,"column":43}},"8":{"start":{"line":9,"column":0},"end":{"line":9,"column":23}},"9":{"start":{"line":10,"column":0},"end":{"line":10,"column":2}},"11":{"start":{"line":12,"column":0},"end":{"line":12,"column":41}},"12":{"start":{"line":13,"column":0},"end":{"line":13,"column":25}},"13":{"start":{"line":14,"column":0},"end":{"line":14,"column":15}},"14":{"start":{"line":15,"column":0},"end":{"line":15,"column":13}},"15":{"start":{"line":16,"column":0},"end":{"line":16,"column":73}},"16":{"start":{"line":17,"column":0},"end":{"line":17,"column":44}},"17":{"start":{"line":18,"column":0},"end":{"line":18,"column":6}},"18":{"start":{"line":19,"column":0},"end":{"line":19,"column":32}},"19":{"start":{"line":20,"column":0},"end":{"line":20,"column":34}},"20":{"start":{"line":21,"column":0},"end":{"line":21,"column":6}},"21":{"start":{"line":22,"column":0},"end":{"line":22,"column":4}},"22":{"start":{"line":23,"column":0},"end":{"line":23,"column":3}},"24":{"start":{"line":25,"column":0},"end":{"line":25,"column":86}},"25":{"start":{"line":26,"column":0},"end":{"line":26,"column":43}}},"s":{"0":1,"7":1,"8":1,"9":1,"11":1,"12":1,"13":1,"14":1,"15":1,"16":1,"17":1,"18":1,"19":1,"20":1,"21":1,"22":1,"24":1,"25":1},"branchMap":{"0":{"type":"branch","line":16,"loc":{"start":{"line":16,"column":4},"end":{"line":18,"column":6}},"locations":[{"start":{"line":16,"column":4},"end":{"line":18,"column":6}}]},"1":{"type":"branch","line":19,"loc":{"start":{"line":19,"column":4},"end":{"line":21,"column":6}},"locations":[{"start":{"line":19,"column":4},"end":{"line":21,"column":6}}]}},"b":{"0":[1],"1":[1]},"fnMap":{"0":{"name":"setSelectedObject","decl":{"start":{"line":16,"column":4},"end":{"line":18,"column":6}},"loc":{"start":{"line":16,"column":4},"end":{"line":18,"column":6}},"line":16},"1":{"name":"clearSelectedObject","decl":{"start":{"line":19,"column":4},"end":{"line":21,"column":6}},"loc":{"start":{"line":19,"column":4},"end":{"line":21,"column":6}},"line":19}},"f":{"0":1,"1":1}}
,"D:\\Frontend\\Progect\\rss2023\\REACT2024Q3\\src\\slice\\selectedObjectsSlice.tsx": {"path":"D:\\Frontend\\Progect\\rss2023\\REACT2024Q3\\src\\slice\\selectedObjectsSlice.tsx","all":false,"statementMap":{"0":{"start":{"line":1,"column":0},"end":{"line":1,"column":0}},"1":{"start":{"line":2,"column":0},"end":{"line":2,"column":62}},"8":{"start":{"line":9,"column":0},"end":{"line":9,"column":44}},"9":{"start":{"line":10,"column":0},"end":{"line":10,"column":22}},"10":{"start":{"line":11,"column":0},"end":{"line":11,"column":2}},"12":{"start":{"line":13,"column":0},"end":{"line":13,"column":42}},"13":{"start":{"line":14,"column":0},"end":{"line":14,"column":26}},"14":{"start":{"line":15,"column":0},"end":{"line":15,"column":15}},"15":{"start":{"line":16,"column":0},"end":{"line":16,"column":13}},"16":{"start":{"line":17,"column":0},"end":{"line":17,"column":73}},"17":{"start":{"line":18,"column":0},"end":{"line":18,"column":49}},"18":{"start":{"line":19,"column":0},"end":{"line":19,"column":6}},"19":{"start":{"line":20,"column":0},"end":{"line":20,"column":64}},"20":{"start":{"line":21,"column":0},"end":{"line":21,"column":59}},"21":{"start":{"line":22,"column":0},"end":{"line":22,"column":43}},"22":{"start":{"line":23,"column":0},"end":{"line":23,"column":8}},"23":{"start":{"line":24,"column":0},"end":{"line":24,"column":6}},"24":{"start":{"line":25,"column":0},"end":{"line":25,"column":33}},"25":{"start":{"line":26,"column":0},"end":{"line":26,"column":33}},"26":{"start":{"line":27,"column":0},"end":{"line":27,"column":6}},"27":{"start":{"line":28,"column":0},"end":{"line":28,"column":4}},"28":{"start":{"line":29,"column":0},"end":{"line":29,"column":3}},"30":{"start":{"line":31,"column":0},"end":{"line":31,"column":110}},"31":{"start":{"line":32,"column":0},"end":{"line":32,"column":44}}},"s":{"0":1,"1":1,"8":1,"9":1,"10":1,"12":1,"13":1,"14":1,"15":1,"16":1,"17":1,"18":1,"19":1,"20":1,"21":1,"22":1,"23":1,"24":1,"25":1,"26":1,"27":1,"28":1,"30":1,"31":1},"branchMap":{"0":{"type":"branch","line":17,"loc":{"start":{"line":17,"column":4},"end":{"line":19,"column":6}},"locations":[{"start":{"line":17,"column":4},"end":{"line":19,"column":6}}]},"1":{"type":"branch","line":20,"loc":{"start":{"line":20,"column":4},"end":{"line":24,"column":6}},"locations":[{"start":{"line":20,"column":4},"end":{"line":24,"column":6}}]},"2":{"type":"branch","line":22,"loc":{"start":{"line":22,"column":8},"end":{"line":22,"column":43}},"locations":[{"start":{"line":22,"column":8},"end":{"line":22,"column":43}}]},"3":{"type":"branch","line":25,"loc":{"start":{"line":25,"column":4},"end":{"line":27,"column":6}},"locations":[{"start":{"line":25,"column":4},"end":{"line":27,"column":6}}]}},"b":{"0":[1],"1":[1],"2":[2],"3":[1]},"fnMap":{"0":{"name":"addSelectedObject","decl":{"start":{"line":17,"column":4},"end":{"line":19,"column":6}},"loc":{"start":{"line":17,"column":4},"end":{"line":19,"column":6}},"line":17},"1":{"name":"removeSelectedObject","decl":{"start":{"line":20,"column":4},"end":{"line":24,"column":6}},"loc":{"start":{"line":20,"column":4},"end":{"line":24,"column":6}},"line":20},"2":{"name":"clearSelectedObjects","decl":{"start":{"line":25,"column":4},"end":{"line":27,"column":6}},"loc":{"start":{"line":25,"column":4},"end":{"line":27,"column":6}},"line":25}},"f":{"0":1,"1":1,"2":1}}
}
