{"D:\\Frontend\\Progect\\rss2023\\react2024q3\\src\\vite-env.d.ts": {"path":"D:\\Frontend\\Progect\\rss2023\\react2024q3\\src\\vite-env.d.ts","all":true,"statementMap":{},"s":{},"branchMap":{"0":{"type":"branch","line":1,"loc":{"start":{"line":1,"column":37},"end":{"line":1,"column":37}},"locations":[{"start":{"line":1,"column":37},"end":{"line":1,"column":37}}]}},"b":{"0":[1]},"fnMap":{"0":{"name":"(empty-report)","decl":{"start":{"line":1,"column":37},"end":{"line":1,"column":37}},"loc":{"start":{"line":1,"column":37},"end":{"line":1,"column":37}},"line":1}},"f":{"0":1}}
,"D:\\Frontend\\Progect\\rss2023\\react2024q3\\src\\components\\Flyout.tsx": {"path":"D:\\Frontend\\Progect\\rss2023\\react2024q3\\src\\components\\Flyout.tsx","all":false,"statementMap":{"0":{"start":{"line":1,"column":0},"end":{"line":1,"column":26}},"8":{"start":{"line":9,"column":0},"end":{"line":9,"column":81}},"10":{"start":{"line":11,"column":0},"end":{"line":11,"column":32}},"11":{"start":{"line":12,"column":0},"end":{"line":12,"column":37}},"12":{"start":{"line":13,"column":0},"end":{"line":13,"column":26}},"13":{"start":{"line":14,"column":0},"end":{"line":14,"column":47}},"14":{"start":{"line":15,"column":0},"end":{"line":15,"column":59}},"15":{"start":{"line":16,"column":0},"end":{"line":16,"column":11}},"16":{"start":{"line":17,"column":0},"end":{"line":17,"column":21}},"17":{"start":{"line":18,"column":0},"end":{"line":18,"column":39}},"18":{"start":{"line":19,"column":0},"end":{"line":19,"column":43}},"19":{"start":{"line":20,"column":0},"end":{"line":20,"column":21}},"20":{"start":{"line":21,"column":0},"end":{"line":21,"column":9}},"21":{"start":{"line":22,"column":0},"end":{"line":22,"column":19}},"23":{"start":{"line":24,"column":0},"end":{"line":24,"column":79}},"24":{"start":{"line":25,"column":0},"end":{"line":25,"column":44}},"25":{"start":{"line":26,"column":0},"end":{"line":26,"column":44}},"26":{"start":{"line":27,"column":0},"end":{"line":27,"column":19}},"27":{"start":{"line":28,"column":0},"end":{"line":28,"column":72}},"28":{"start":{"line":29,"column":0},"end":{"line":29,"column":35}},"29":{"start":{"line":30,"column":0},"end":{"line":30,"column":16}},"30":{"start":{"line":31,"column":0},"end":{"line":31,"column":35}},"31":{"start":{"line":32,"column":0},"end":{"line":32,"column":31}},"32":{"start":{"line":33,"column":0},"end":{"line":33,"column":5}},"33":{"start":{"line":34,"column":0},"end":{"line":34,"column":4}},"35":{"start":{"line":36,"column":0},"end":{"line":36,"column":10}},"36":{"start":{"line":37,"column":0},"end":{"line":37,"column":28}},"37":{"start":{"line":38,"column":0},"end":{"line":38,"column":31}},"38":{"start":{"line":39,"column":0},"end":{"line":39,"column":10}},"39":{"start":{"line":40,"column":0},"end":{"line":40,"column":39}},"40":{"start":{"line":41,"column":0},"end":{"line":41,"column":43}},"41":{"start":{"line":42,"column":0},"end":{"line":42,"column":11}},"42":{"start":{"line":43,"column":0},"end":{"line":43,"column":11}},"43":{"start":{"line":44,"column":0},"end":{"line":44,"column":73}},"44":{"start":{"line":45,"column":0},"end":{"line":45,"column":74}},"45":{"start":{"line":46,"column":0},"end":{"line":46,"column":10}},"47":{"start":{"line":48,"column":0},"end":{"line":48,"column":1}}},"s":{"0":1,"8":3,"10":3,"11":0,"12":0,"13":0,"14":0,"15":0,"16":0,"17":0,"18":0,"19":0,"20":0,"21":0,"23":0,"24":0,"25":0,"26":0,"27":0,"28":0,"29":0,"30":0,"31":0,"32":0,"33":0,"35":3,"36":3,"37":3,"38":3,"39":3,"40":3,"41":3,"42":3,"43":3,"44":3,"45":3,"47":3},"branchMap":{"0":{"type":"branch","line":9,"loc":{"start":{"line":9,"column":0},"end":{"line":48,"column":1}},"locations":[{"start":{"line":9,"column":0},"end":{"line":48,"column":1}}]},"1":{"type":"branch","line":40,"loc":{"start":{"line":40,"column":29},"end":{"line":41,"column":43}},"locations":[{"start":{"line":40,"column":29},"end":{"line":41,"column":43}}]}},"b":{"0":[3],"1":[3]},"fnMap":{"0":{"name":"Flyout","decl":{"start":{"line":9,"column":0},"end":{"line":48,"column":1}},"loc":{"start":{"line":9,"column":0},"end":{"line":48,"column":1}},"line":9},"1":{"name":"handleDownload","decl":{"start":{"line":11,"column":25},"end":{"line":34,"column":4}},"loc":{"start":{"line":11,"column":25},"end":{"line":34,"column":4}},"line":11}},"f":{"0":3,"1":0}}
,"D:\\Frontend\\Progect\\rss2023\\react2024q3\\src\\components\\Pagination.tsx": {"path":"D:\\Frontend\\Progect\\rss2023\\react2024q3\\src\\components\\Pagination.tsx","all":false,"statementMap":{"0":{"start":{"line":1,"column":0},"end":{"line":1,"column":40}},"8":{"start":{"line":9,"column":0},"end":{"line":9,"column":82}},"9":{"start":{"line":10,"column":0},"end":{"line":10,"column":29}},"10":{"start":{"line":11,"column":0},"end":{"line":11,"column":37}},"12":{"start":{"line":13,"column":0},"end":{"line":13,"column":52}},"13":{"start":{"line":14,"column":0},"end":{"line":14,"column":9}},"14":{"start":{"line":15,"column":0},"end":{"line":15,"column":25}},"15":{"start":{"line":16,"column":0},"end":{"line":16,"column":17}},"16":{"start":{"line":17,"column":0},"end":{"line":17,"column":51}},"17":{"start":{"line":18,"column":0},"end":{"line":18,"column":9}},"18":{"start":{"line":19,"column":0},"end":{"line":19,"column":19}},"19":{"start":{"line":20,"column":0},"end":{"line":20,"column":51}},"20":{"start":{"line":21,"column":0},"end":{"line":21,"column":5}},"21":{"start":{"line":22,"column":0},"end":{"line":22,"column":4}},"23":{"start":{"line":24,"column":0},"end":{"line":24,"column":34}},"24":{"start":{"line":25,"column":0},"end":{"line":25,"column":44}},"25":{"start":{"line":26,"column":0},"end":{"line":26,"column":15}},"26":{"start":{"line":27,"column":0},"end":{"line":27,"column":13}},"27":{"start":{"line":28,"column":0},"end":{"line":28,"column":21}},"28":{"start":{"line":29,"column":0},"end":{"line":29,"column":15}},"29":{"start":{"line":30,"column":0},"end":{"line":30,"column":81}},"30":{"start":{"line":31,"column":0},"end":{"line":31,"column":36}},"32":{"start":{"line":33,"column":0},"end":{"line":33,"column":11}},"33":{"start":{"line":34,"column":0},"end":{"line":34,"column":15}},"34":{"start":{"line":35,"column":0},"end":{"line":35,"column":6}},"35":{"start":{"line":36,"column":0},"end":{"line":36,"column":3}},"37":{"start":{"line":38,"column":0},"end":{"line":38,"column":51}},"38":{"start":{"line":39,"column":0},"end":{"line":39,"column":1}}},"s":{"0":1,"8":12,"9":12,"10":12,"12":12,"13":1,"14":1,"15":1,"16":1,"17":1,"18":1,"19":0,"20":0,"21":1,"23":12,"24":12,"25":16,"26":16,"27":16,"28":16,"29":16,"30":16,"32":16,"33":16,"34":16,"35":16,"37":16,"38":16},"branchMap":{"0":{"type":"branch","line":9,"loc":{"start":{"line":9,"column":0},"end":{"line":39,"column":1}},"locations":[{"start":{"line":9,"column":0},"end":{"line":39,"column":1}}]},"1":{"type":"branch","line":25,"loc":{"start":{"line":25,"column":43},"end":{"line":39,"column":1}},"locations":[{"start":{"line":25,"column":43},"end":{"line":39,"column":1}}]},"2":{"type":"branch","line":13,"loc":{"start":{"line":13,"column":27},"end":{"line":22,"column":4}},"locations":[{"start":{"line":13,"column":27},"end":{"line":22,"column":4}}]},"3":{"type":"branch","line":19,"loc":{"start":{"line":19,"column":4},"end":{"line":21,"column":5}},"locations":[{"start":{"line":19,"column":4},"end":{"line":21,"column":5}}]},"4":{"type":"branch","line":30,"loc":{"start":{"line":30,"column":17},"end":{"line":30,"column":81}},"locations":[{"start":{"line":30,"column":17},"end":{"line":30,"column":81}}]}},"b":{"0":[12],"1":[16],"2":[1],"3":[0],"4":[1]},"fnMap":{"0":{"name":"Pagination","decl":{"start":{"line":9,"column":0},"end":{"line":39,"column":1}},"loc":{"start":{"line":9,"column":0},"end":{"line":39,"column":1}},"line":9},"1":{"name":"handlePageChange","decl":{"start":{"line":13,"column":27},"end":{"line":22,"column":4}},"loc":{"start":{"line":13,"column":27},"end":{"line":22,"column":4}},"line":13},"2":{"name":"onClick","decl":{"start":{"line":30,"column":17},"end":{"line":30,"column":81}},"loc":{"start":{"line":30,"column":17},"end":{"line":30,"column":81}},"line":30}},"f":{"0":12,"1":1,"2":1}}
,"D:\\Frontend\\Progect\\rss2023\\react2024q3\\src\\components\\ThemeSelector.tsx": {"path":"D:\\Frontend\\Progect\\rss2023\\react2024q3\\src\\components\\ThemeSelector.tsx","all":false,"statementMap":{"0":{"start":{"line":1,"column":0},"end":{"line":1,"column":51}},"2":{"start":{"line":3,"column":0},"end":{"line":3,"column":26}},"3":{"start":{"line":4,"column":0},"end":{"line":4,"column":41}},"5":{"start":{"line":6,"column":0},"end":{"line":6,"column":10}},"6":{"start":{"line":7,"column":0},"end":{"line":7,"column":34}},"7":{"start":{"line":8,"column":0},"end":{"line":8,"column":59}},"8":{"start":{"line":9,"column":0},"end":{"line":9,"column":14}},"9":{"start":{"line":10,"column":0},"end":{"line":10,"column":22}},"10":{"start":{"line":11,"column":0},"end":{"line":11,"column":26}},"11":{"start":{"line":12,"column":0},"end":{"line":12,"column":22}},"12":{"start":{"line":13,"column":0},"end":{"line":13,"column":23}},"13":{"start":{"line":14,"column":0},"end":{"line":14,"column":37}},"14":{"start":{"line":15,"column":0},"end":{"line":15,"column":44}},"15":{"start":{"line":16,"column":0},"end":{"line":16,"column":10}},"17":{"start":{"line":18,"column":0},"end":{"line":18,"column":14}},"18":{"start":{"line":19,"column":0},"end":{"line":19,"column":57}},"19":{"start":{"line":20,"column":0},"end":{"line":20,"column":14}},"20":{"start":{"line":21,"column":0},"end":{"line":21,"column":22}},"21":{"start":{"line":22,"column":0},"end":{"line":22,"column":25}},"22":{"start":{"line":23,"column":0},"end":{"line":23,"column":22}},"23":{"start":{"line":24,"column":0},"end":{"line":24,"column":22}},"24":{"start":{"line":25,"column":0},"end":{"line":25,"column":36}},"25":{"start":{"line":26,"column":0},"end":{"line":26,"column":43}},"26":{"start":{"line":27,"column":0},"end":{"line":27,"column":10}},"28":{"start":{"line":29,"column":0},"end":{"line":29,"column":14}},"29":{"start":{"line":30,"column":0},"end":{"line":30,"column":10}},"31":{"start":{"line":32,"column":0},"end":{"line":32,"column":1}},"33":{"start":{"line":34,"column":0},"end":{"line":34,"column":29}}},"s":{"0":1,"2":4,"3":4,"5":4,"6":4,"7":4,"8":4,"9":4,"10":4,"11":4,"12":4,"13":4,"14":4,"15":4,"17":4,"18":4,"19":4,"20":4,"21":4,"22":4,"23":4,"24":4,"25":4,"26":4,"28":4,"29":4,"31":4,"33":1},"branchMap":{"0":{"type":"branch","line":3,"loc":{"start":{"line":3,"column":0},"end":{"line":32,"column":1}},"locations":[{"start":{"line":3,"column":0},"end":{"line":32,"column":1}}]},"1":{"type":"branch","line":15,"loc":{"start":{"line":15,"column":20},"end":{"line":15,"column":44}},"locations":[{"start":{"line":15,"column":20},"end":{"line":15,"column":44}}]},"2":{"type":"branch","line":26,"loc":{"start":{"line":26,"column":20},"end":{"line":26,"column":43}},"locations":[{"start":{"line":26,"column":20},"end":{"line":26,"column":43}}]}},"b":{"0":[4],"1":[1],"2":[1]},"fnMap":{"0":{"name":"ThemeSelector","decl":{"start":{"line":3,"column":0},"end":{"line":32,"column":1}},"loc":{"start":{"line":3,"column":0},"end":{"line":32,"column":1}},"line":3},"1":{"name":"onChange","decl":{"start":{"line":15,"column":20},"end":{"line":15,"column":44}},"loc":{"start":{"line":15,"column":20},"end":{"line":15,"column":44}},"line":15},"2":{"name":"onChange","decl":{"start":{"line":26,"column":20},"end":{"line":26,"column":43}},"loc":{"start":{"line":26,"column":20},"end":{"line":26,"column":43}},"line":26}},"f":{"0":4,"1":1,"2":1}}
,"D:\\Frontend\\Progect\\rss2023\\react2024q3\\src\\components\\content.tsx": {"path":"D:\\Frontend\\Progect\\rss2023\\react2024q3\\src\\components\\content.tsx","all":false,"statementMap":{"0":{"start":{"line":1,"column":0},"end":{"line":1,"column":52}},"12":{"start":{"line":13,"column":0},"end":{"line":13,"column":127}},"13":{"start":{"line":14,"column":0},"end":{"line":14,"column":10}},"14":{"start":{"line":15,"column":0},"end":{"line":15,"column":27}},"15":{"start":{"line":16,"column":0},"end":{"line":16,"column":27}},"16":{"start":{"line":17,"column":0},"end":{"line":17,"column":34}},"17":{"start":{"line":18,"column":0},"end":{"line":18,"column":34}},"18":{"start":{"line":19,"column":0},"end":{"line":19,"column":32}},"19":{"start":{"line":20,"column":0},"end":{"line":20,"column":34}},"20":{"start":{"line":21,"column":0},"end":{"line":21,"column":32}},"21":{"start":{"line":22,"column":0},"end":{"line":22,"column":34}},"22":{"start":{"line":23,"column":0},"end":{"line":23,"column":8}},"23":{"start":{"line":24,"column":0},"end":{"line":24,"column":11}},"25":{"start":{"line":26,"column":0},"end":{"line":26,"column":1}}},"s":{"0":1,"12":3,"13":3,"14":3,"15":3,"16":3,"17":3,"18":3,"19":3,"20":3,"21":3,"22":3,"23":3,"25":3},"branchMap":{"0":{"type":"branch","line":13,"loc":{"start":{"line":13,"column":0},"end":{"line":26,"column":1}},"locations":[{"start":{"line":13,"column":0},"end":{"line":26,"column":1}}]}},"b":{"0":[3]},"fnMap":{"0":{"name":"Content","decl":{"start":{"line":13,"column":0},"end":{"line":26,"column":1}},"loc":{"start":{"line":13,"column":0},"end":{"line":26,"column":1}},"line":13}},"f":{"0":3}}
,"D:\\Frontend\\Progect\\rss2023\\react2024q3\\src\\components\\header.tsx": {"path":"D:\\Frontend\\Progect\\rss2023\\react2024q3\\src\\components\\header.tsx","all":false,"statementMap":{"0":{"start":{"line":1,"column":0},"end":{"line":1,"column":51}},"1":{"start":{"line":2,"column":0},"end":{"line":2,"column":34}},"2":{"start":{"line":3,"column":0},"end":{"line":3,"column":37}},"9":{"start":{"line":10,"column":0},"end":{"line":10,"column":72}},"10":{"start":{"line":11,"column":0},"end":{"line":11,"column":57}},"12":{"start":{"line":13,"column":0},"end":{"line":13,"column":19}},"13":{"start":{"line":14,"column":0},"end":{"line":14,"column":27}},"14":{"start":{"line":15,"column":0},"end":{"line":15,"column":21}},"16":{"start":{"line":17,"column":0},"end":{"line":17,"column":77}},"17":{"start":{"line":18,"column":0},"end":{"line":18,"column":33}},"18":{"start":{"line":19,"column":0},"end":{"line":19,"column":4}},"20":{"start":{"line":21,"column":0},"end":{"line":21,"column":30}},"21":{"start":{"line":22,"column":0},"end":{"line":22,"column":20}},"22":{"start":{"line":23,"column":0},"end":{"line":23,"column":4}},"24":{"start":{"line":25,"column":0},"end":{"line":25,"column":10}},"25":{"start":{"line":26,"column":0},"end":{"line":26,"column":31}},"26":{"start":{"line":27,"column":0},"end":{"line":27,"column":58}},"27":{"start":{"line":28,"column":0},"end":{"line":28,"column":52}},"28":{"start":{"line":29,"column":0},"end":{"line":29,"column":13}},"30":{"start":{"line":31,"column":0},"end":{"line":31,"column":1}}},"s":{"0":1,"1":1,"2":1,"9":3,"10":3,"12":3,"13":3,"14":3,"16":3,"17":0,"18":0,"20":3,"21":1,"22":1,"24":3,"25":3,"26":3,"27":3,"28":3,"30":3},"branchMap":{"0":{"type":"branch","line":10,"loc":{"start":{"line":10,"column":0},"end":{"line":31,"column":1}},"locations":[{"start":{"line":10,"column":0},"end":{"line":31,"column":1}}]},"1":{"type":"branch","line":11,"loc":{"start":{"line":11,"column":37},"end":{"line":11,"column":55}},"locations":[{"start":{"line":11,"column":37},"end":{"line":11,"column":55}}]},"2":{"type":"branch","line":13,"loc":{"start":{"line":13,"column":12},"end":{"line":15,"column":5}},"locations":[{"start":{"line":13,"column":12},"end":{"line":15,"column":5}}]},"3":{"type":"branch","line":21,"loc":{"start":{"line":21,"column":23},"end":{"line":23,"column":4}},"locations":[{"start":{"line":21,"column":23},"end":{"line":23,"column":4}}]}},"b":{"0":[3],"1":[1],"2":[3],"3":[1]},"fnMap":{"0":{"name":"Header","decl":{"start":{"line":10,"column":0},"end":{"line":31,"column":1}},"loc":{"start":{"line":10,"column":0},"end":{"line":31,"column":1}},"line":10},"1":{"name":"handleInputChange","decl":{"start":{"line":17,"column":28},"end":{"line":19,"column":4}},"loc":{"start":{"line":17,"column":28},"end":{"line":19,"column":4}},"line":17},"2":{"name":"handleSearch","decl":{"start":{"line":21,"column":23},"end":{"line":23,"column":4}},"loc":{"start":{"line":21,"column":23},"end":{"line":23,"column":4}},"line":21}},"f":{"0":3,"1":0,"2":1}}
,"D:\\Frontend\\Progect\\rss2023\\react2024q3\\src\\components\\Button\\Button.tsx": {"path":"D:\\Frontend\\Progect\\rss2023\\react2024q3\\src\\components\\Button\\Button.tsx","all":false,"statementMap":{"0":{"start":{"line":1,"column":0},"end":{"line":1,"column":26}},"8":{"start":{"line":9,"column":0},"end":{"line":9,"column":68}},"9":{"start":{"line":10,"column":0},"end":{"line":10,"column":10}},"10":{"start":{"line":11,"column":0},"end":{"line":11,"column":63}},"11":{"start":{"line":12,"column":0},"end":{"line":12,"column":16}},"12":{"start":{"line":13,"column":0},"end":{"line":13,"column":13}},"14":{"start":{"line":15,"column":0},"end":{"line":15,"column":1}}},"s":{"0":1,"8":4,"9":4,"10":4,"11":4,"12":4,"14":4},"branchMap":{"0":{"type":"branch","line":9,"loc":{"start":{"line":9,"column":0},"end":{"line":15,"column":1}},"locations":[{"start":{"line":9,"column":0},"end":{"line":15,"column":1}}]}},"b":{"0":[4]},"fnMap":{"0":{"name":"Button","decl":{"start":{"line":9,"column":0},"end":{"line":15,"column":1}},"loc":{"start":{"line":9,"column":0},"end":{"line":15,"column":1}},"line":9}},"f":{"0":4}}
,"D:\\Frontend\\Progect\\rss2023\\react2024q3\\src\\components\\Input\\Input.tsx": {"path":"D:\\Frontend\\Progect\\rss2023\\react2024q3\\src\\components\\Input\\Input.tsx","all":false,"statementMap":{"0":{"start":{"line":1,"column":0},"end":{"line":1,"column":27}},"7":{"start":{"line":8,"column":0},"end":{"line":8,"column":65}},"8":{"start":{"line":9,"column":0},"end":{"line":9,"column":12}},"9":{"start":{"line":10,"column":0},"end":{"line":10,"column":13}},"10":{"start":{"line":11,"column":0},"end":{"line":11,"column":26}},"11":{"start":{"line":12,"column":0},"end":{"line":12,"column":22}},"12":{"start":{"line":13,"column":0},"end":{"line":13,"column":29}},"13":{"start":{"line":14,"column":0},"end":{"line":14,"column":21}},"14":{"start":{"line":15,"column":0},"end":{"line":15,"column":27}},"15":{"start":{"line":16,"column":0},"end":{"line":16,"column":8}},"17":{"start":{"line":18,"column":0},"end":{"line":18,"column":1}}},"s":{"0":1,"7":5,"8":5,"9":5,"10":5,"11":5,"12":5,"13":5,"14":5,"15":5,"17":5},"branchMap":{"0":{"type":"branch","line":8,"loc":{"start":{"line":8,"column":0},"end":{"line":18,"column":1}},"locations":[{"start":{"line":8,"column":0},"end":{"line":18,"column":1}}]}},"b":{"0":[5]},"fnMap":{"0":{"name":"Input","decl":{"start":{"line":8,"column":0},"end":{"line":18,"column":1}},"loc":{"start":{"line":8,"column":0},"end":{"line":18,"column":1}},"line":8}},"f":{"0":5}}
,"D:\\Frontend\\Progect\\rss2023\\react2024q3\\src\\context\\ThemeContext.tsx": {"path":"D:\\Frontend\\Progect\\rss2023\\react2024q3\\src\\context\\ThemeContext.tsx","all":false,"statementMap":{"0":{"start":{"line":1,"column":0},"end":{"line":1,"column":80}},"9":{"start":{"line":10,"column":0},"end":{"line":10,"column":77}},"11":{"start":{"line":12,"column":0},"end":{"line":12,"column":31}},"12":{"start":{"line":13,"column":0},"end":{"line":13,"column":43}},"13":{"start":{"line":14,"column":0},"end":{"line":14,"column":17}},"14":{"start":{"line":15,"column":0},"end":{"line":15,"column":38}},"15":{"start":{"line":16,"column":0},"end":{"line":16,"column":3}},"16":{"start":{"line":17,"column":0},"end":{"line":17,"column":17}},"17":{"start":{"line":18,"column":0},"end":{"line":18,"column":2}},"19":{"start":{"line":20,"column":0},"end":{"line":20,"column":70}},"20":{"start":{"line":21,"column":0},"end":{"line":21,"column":53}},"22":{"start":{"line":23,"column":0},"end":{"line":23,"column":62}},"24":{"start":{"line":25,"column":0},"end":{"line":25,"column":10}},"25":{"start":{"line":26,"column":0},"end":{"line":26,"column":41}},"26":{"start":{"line":27,"column":0},"end":{"line":27,"column":52}},"27":{"start":{"line":28,"column":0},"end":{"line":28,"column":18}},"28":{"start":{"line":29,"column":0},"end":{"line":29,"column":12}},"29":{"start":{"line":30,"column":0},"end":{"line":30,"column":28}},"31":{"start":{"line":32,"column":0},"end":{"line":32,"column":2}}},"s":{"0":1,"9":1,"11":1,"12":12,"13":12,"14":4,"15":4,"16":7,"17":7,"19":1,"20":7,"22":7,"24":7,"25":7,"26":7,"27":7,"28":7,"29":7,"31":1},"branchMap":{"0":{"type":"branch","line":12,"loc":{"start":{"line":12,"column":24},"end":{"line":18,"column":2}},"locations":[{"start":{"line":12,"column":24},"end":{"line":18,"column":2}}]},"1":{"type":"branch","line":14,"loc":{"start":{"line":14,"column":16},"end":{"line":16,"column":3}},"locations":[{"start":{"line":14,"column":16},"end":{"line":16,"column":3}}]},"2":{"type":"branch","line":16,"loc":{"start":{"line":16,"column":2},"end":{"line":18,"column":2}},"locations":[{"start":{"line":16,"column":2},"end":{"line":18,"column":2}}]},"3":{"type":"branch","line":20,"loc":{"start":{"line":20,"column":7},"end":{"line":32,"column":1}},"locations":[{"start":{"line":20,"column":7},"end":{"line":32,"column":1}}]},"4":{"type":"branch","line":23,"loc":{"start":{"line":23,"column":24},"end":{"line":23,"column":53}},"locations":[{"start":{"line":23,"column":24},"end":{"line":23,"column":53}}]}},"b":{"0":[12],"1":[4],"2":[7],"3":[7],"4":[7]},"fnMap":{"0":{"name":"useTheme","decl":{"start":{"line":12,"column":24},"end":{"line":18,"column":2}},"loc":{"start":{"line":12,"column":24},"end":{"line":18,"column":2}},"line":12},"1":{"name":"ThemeProvider","decl":{"start":{"line":20,"column":7},"end":{"line":32,"column":1}},"loc":{"start":{"line":20,"column":7},"end":{"line":32,"column":1}},"line":20}},"f":{"0":12,"1":7}}
,"D:\\Frontend\\Progect\\rss2023\\react2024q3\\src\\hooks\\useSearchQuery.tsx": {"path":"D:\\Frontend\\Progect\\rss2023\\react2024q3\\src\\hooks\\useSearchQuery.tsx","all":false,"statementMap":{"0":{"start":{"line":1,"column":0},"end":{"line":1,"column":44}},"2":{"start":{"line":3,"column":0},"end":{"line":3,"column":54}},"3":{"start":{"line":4,"column":0},"end":{"line":4,"column":76}},"5":{"start":{"line":6,"column":0},"end":{"line":6,"column":19}},"6":{"start":{"line":7,"column":0},"end":{"line":7,"column":39}},"7":{"start":{"line":8,"column":0},"end":{"line":8,"column":19}},"9":{"start":{"line":10,"column":0},"end":{"line":10,"column":36}},"10":{"start":{"line":11,"column":0},"end":{"line":11,"column":2}}},"s":{"0":1,"2":3,"3":3,"5":3,"6":3,"7":3,"9":3,"10":1},"branchMap":{"0":{"type":"branch","line":3,"loc":{"start":{"line":3,"column":0},"end":{"line":11,"column":1}},"locations":[{"start":{"line":3,"column":0},"end":{"line":11,"column":1}}]},"1":{"type":"branch","line":4,"loc":{"start":{"line":4,"column":37},"end":{"line":4,"column":74}},"locations":[{"start":{"line":4,"column":37},"end":{"line":4,"column":74}}]},"2":{"type":"branch","line":4,"loc":{"start":{"line":4,"column":67},"end":{"line":4,"column":74}},"locations":[{"start":{"line":4,"column":67},"end":{"line":4,"column":74}}]},"3":{"type":"branch","line":6,"loc":{"start":{"line":6,"column":12},"end":{"line":8,"column":5}},"locations":[{"start":{"line":6,"column":12},"end":{"line":8,"column":5}}]}},"b":{"0":[3],"1":[2],"2":[1],"3":[3]},"fnMap":{"0":{"name":"useSearchQuery","decl":{"start":{"line":3,"column":0},"end":{"line":11,"column":1}},"loc":{"start":{"line":3,"column":0},"end":{"line":11,"column":1}},"line":3}},"f":{"0":3}}
,"D:\\Frontend\\Progect\\rss2023\\react2024q3\\src\\pages\\404.tsx": {"path":"D:\\Frontend\\Progect\\rss2023\\react2024q3\\src\\pages\\404.tsx","all":false,"statementMap":{"0":{"start":{"line":1,"column":0},"end":{"line":1,"column":37}},"1":{"start":{"line":2,"column":0},"end":{"line":2,"column":41}},"2":{"start":{"line":3,"column":0},"end":{"line":3,"column":2}}},"s":{"0":1,"1":1,"2":1},"branchMap":{"0":{"type":"branch","line":1,"loc":{"start":{"line":1,"column":0},"end":{"line":3,"column":1}},"locations":[{"start":{"line":1,"column":0},"end":{"line":3,"column":1}}]}},"b":{"0":[1]},"fnMap":{"0":{"name":"NotFound","decl":{"start":{"line":1,"column":0},"end":{"line":3,"column":1}},"loc":{"start":{"line":1,"column":0},"end":{"line":3,"column":1}},"line":1}},"f":{"0":1}}
,"D:\\Frontend\\Progect\\rss2023\\react2024q3\\src\\pages\\_app.tsx": {"path":"D:\\Frontend\\Progect\\rss2023\\react2024q3\\src\\pages\\_app.tsx","all":false,"statementMap":{"0":{"start":{"line":1,"column":0},"end":{"line":1,"column":20}},"1":{"start":{"line":2,"column":0},"end":{"line":2,"column":18}},"3":{"start":{"line":4,"column":0},"end":{"line":4,"column":55}},"4":{"start":{"line":5,"column":0},"end":{"line":5,"column":56}},"6":{"start":{"line":7,"column":0},"end":{"line":7,"column":52}},"7":{"start":{"line":8,"column":0},"end":{"line":8,"column":10}},"8":{"start":{"line":9,"column":0},"end":{"line":9,"column":19}},"9":{"start":{"line":10,"column":0},"end":{"line":10,"column":23}},"10":{"start":{"line":11,"column":0},"end":{"line":11,"column":34}},"11":{"start":{"line":12,"column":0},"end":{"line":12,"column":20}},"13":{"start":{"line":14,"column":0},"end":{"line":14,"column":1}},"15":{"start":{"line":16,"column":0},"end":{"line":16,"column":20}}},"s":{"0":1,"1":1,"3":1,"4":1,"6":1,"7":1,"8":1,"9":1,"10":1,"11":1,"13":1,"15":1},"branchMap":{"0":{"type":"branch","line":7,"loc":{"start":{"line":7,"column":0},"end":{"line":14,"column":1}},"locations":[{"start":{"line":7,"column":0},"end":{"line":14,"column":1}}]}},"b":{"0":[1]},"fnMap":{"0":{"name":"MyApp","decl":{"start":{"line":7,"column":0},"end":{"line":14,"column":1}},"loc":{"start":{"line":7,"column":0},"end":{"line":14,"column":1}},"line":7}},"f":{"0":1}}
,"D:\\Frontend\\Progect\\rss2023\\react2024q3\\src\\pages\\index.tsx": {"path":"D:\\Frontend\\Progect\\rss2023\\react2024q3\\src\\pages\\index.tsx","all":false,"statementMap":{"0":{"start":{"line":1,"column":0},"end":{"line":1,"column":40}},"3":{"start":{"line":4,"column":0},"end":{"line":4,"column":42}},"4":{"start":{"line":5,"column":0},"end":{"line":5,"column":44}},"23":{"start":{"line":24,"column":0},"end":{"line":24,"column":108}},"24":{"start":{"line":25,"column":0},"end":{"line":25,"column":29}},"26":{"start":{"line":27,"column":0},"end":{"line":27,"column":52}},"27":{"start":{"line":28,"column":0},"end":{"line":28,"column":61}},"28":{"start":{"line":29,"column":0},"end":{"line":29,"column":9}},"29":{"start":{"line":30,"column":0},"end":{"line":30,"column":40}},"30":{"start":{"line":31,"column":0},"end":{"line":31,"column":21}},"31":{"start":{"line":32,"column":0},"end":{"line":32,"column":50}},"32":{"start":{"line":33,"column":0},"end":{"line":33,"column":5}},"33":{"start":{"line":34,"column":0},"end":{"line":34,"column":4}},"35":{"start":{"line":36,"column":0},"end":{"line":36,"column":53}},"36":{"start":{"line":37,"column":0},"end":{"line":37,"column":43}},"37":{"start":{"line":38,"column":0},"end":{"line":38,"column":60}},"38":{"start":{"line":39,"column":0},"end":{"line":39,"column":7}},"39":{"start":{"line":40,"column":0},"end":{"line":40,"column":4}},"41":{"start":{"line":42,"column":0},"end":{"line":42,"column":10}},"42":{"start":{"line":43,"column":0},"end":{"line":43,"column":13}},"43":{"start":{"line":44,"column":0},"end":{"line":44,"column":72}},"44":{"start":{"line":45,"column":0},"end":{"line":45,"column":19}},"45":{"start":{"line":46,"column":0},"end":{"line":46,"column":38}},"46":{"start":{"line":47,"column":0},"end":{"line":47,"column":31}},"47":{"start":{"line":48,"column":0},"end":{"line":48,"column":36}},"48":{"start":{"line":49,"column":0},"end":{"line":49,"column":32}},"49":{"start":{"line":50,"column":0},"end":{"line":50,"column":36}},"50":{"start":{"line":51,"column":0},"end":{"line":51,"column":38}},"51":{"start":{"line":52,"column":0},"end":{"line":52,"column":12}},"52":{"start":{"line":53,"column":0},"end":{"line":53,"column":14}},"54":{"start":{"line":55,"column":0},"end":{"line":55,"column":1}},"56":{"start":{"line":57,"column":0},"end":{"line":57,"column":91}},"57":{"start":{"line":58,"column":0},"end":{"line":58,"column":7}},"58":{"start":{"line":59,"column":0},"end":{"line":59,"column":68}},"59":{"start":{"line":60,"column":0},"end":{"line":60,"column":50}},"60":{"start":{"line":61,"column":0},"end":{"line":61,"column":39}},"61":{"start":{"line":62,"column":0},"end":{"line":62,"column":44}},"62":{"start":{"line":63,"column":0},"end":{"line":63,"column":58}},"64":{"start":{"line":65,"column":0},"end":{"line":65,"column":114}},"65":{"start":{"line":66,"column":0},"end":{"line":66,"column":21}},"66":{"start":{"line":67,"column":0},"end":{"line":67,"column":16}},"67":{"start":{"line":68,"column":0},"end":{"line":68,"column":37}},"68":{"start":{"line":69,"column":0},"end":{"line":69,"column":60}},"69":{"start":{"line":70,"column":0},"end":{"line":70,"column":8}},"70":{"start":{"line":71,"column":0},"end":{"line":71,"column":34}},"71":{"start":{"line":72,"column":0},"end":{"line":72,"column":7}},"73":{"start":{"line":74,"column":0},"end":{"line":74,"column":69}},"75":{"start":{"line":76,"column":0},"end":{"line":76,"column":23}},"76":{"start":{"line":77,"column":0},"end":{"line":77,"column":85}},"77":{"start":{"line":78,"column":0},"end":{"line":78,"column":5}},"79":{"start":{"line":80,"column":0},"end":{"line":80,"column":62}},"81":{"start":{"line":82,"column":0},"end":{"line":82,"column":21}},"82":{"start":{"line":83,"column":0},"end":{"line":83,"column":110}},"83":{"start":{"line":84,"column":0},"end":{"line":84,"column":86}},"84":{"start":{"line":85,"column":0},"end":{"line":85,"column":5}},"86":{"start":{"line":87,"column":0},"end":{"line":87,"column":13}},"87":{"start":{"line":88,"column":0},"end":{"line":88,"column":15}},"88":{"start":{"line":89,"column":0},"end":{"line":89,"column":47}},"89":{"start":{"line":90,"column":0},"end":{"line":90,"column":28}},"90":{"start":{"line":91,"column":0},"end":{"line":91,"column":14}},"91":{"start":{"line":92,"column":0},"end":{"line":92,"column":41}},"92":{"start":{"line":93,"column":0},"end":{"line":93,"column":19}},"93":{"start":{"line":94,"column":0},"end":{"line":94,"column":20}},"94":{"start":{"line":95,"column":0},"end":{"line":95,"column":8}},"95":{"start":{"line":96,"column":0},"end":{"line":96,"column":6}},"96":{"start":{"line":97,"column":0},"end":{"line":97,"column":19}},"97":{"start":{"line":98,"column":0},"end":{"line":98,"column":77}},"98":{"start":{"line":99,"column":0},"end":{"line":99,"column":3}},"99":{"start":{"line":100,"column":0},"end":{"line":100,"column":1}}},"s":{"0":1,"3":1,"4":1,"23":1,"24":1,"26":1,"27":0,"28":0,"29":0,"30":0,"31":0,"32":0,"33":0,"35":1,"36":0,"37":0,"38":0,"39":0,"41":1,"42":1,"43":1,"44":1,"45":1,"46":1,"47":1,"48":1,"49":1,"50":1,"51":1,"52":1,"54":1,"56":1,"57":1,"58":1,"59":1,"60":0,"61":1,"62":1,"64":1,"65":1,"66":1,"67":1,"68":1,"69":1,"70":1,"71":1,"73":1,"75":1,"76":1,"77":1,"79":0,"81":0,"82":0,"83":0,"84":0,"86":0,"87":0,"88":0,"89":0,"90":0,"91":0,"92":0,"93":0,"94":0,"95":0,"96":0,"97":0,"98":0,"99":1},"branchMap":{"0":{"type":"branch","line":24,"loc":{"start":{"line":24,"column":0},"end":{"line":55,"column":1}},"locations":[{"start":{"line":24,"column":0},"end":{"line":55,"column":1}}]},"1":{"type":"branch","line":57,"loc":{"start":{"line":57,"column":0},"end":{"line":100,"column":1}},"locations":[{"start":{"line":57,"column":0},"end":{"line":100,"column":1}}]},"2":{"type":"branch","line":60,"loc":{"start":{"line":60,"column":49},"end":{"line":61,"column":39}},"locations":[{"start":{"line":60,"column":49},"end":{"line":61,"column":39}}]},"3":{"type":"branch","line":78,"loc":{"start":{"line":78,"column":4},"end":{"line":99,"column":3}},"locations":[{"start":{"line":78,"column":4},"end":{"line":99,"column":3}}]}},"b":{"0":[1],"1":[1],"2":[0],"3":[0]},"fnMap":{"0":{"name":"Home","decl":{"start":{"line":24,"column":0},"end":{"line":55,"column":1}},"loc":{"start":{"line":24,"column":0},"end":{"line":55,"column":1}},"line":24},"1":{"name":"handleSearch","decl":{"start":{"line":27,"column":23},"end":{"line":34,"column":4}},"loc":{"start":{"line":27,"column":23},"end":{"line":34,"column":4}},"line":27},"2":{"name":"handleSearchWrapper","decl":{"start":{"line":36,"column":30},"end":{"line":40,"column":4}},"loc":{"start":{"line":36,"column":30},"end":{"line":40,"column":4}},"line":36},"3":{"name":"getServerSideProps","decl":{"start":{"line":57,"column":0},"end":{"line":100,"column":1}},"loc":{"start":{"line":57,"column":0},"end":{"line":100,"column":1}},"line":57}},"f":{"0":1,"1":0,"2":0,"3":1}}
,"D:\\Frontend\\Progect\\rss2023\\react2024q3\\src\\pages\\details\\[id].tsx": {"path":"D:\\Frontend\\Progect\\rss2023\\react2024q3\\src\\pages\\details\\[id].tsx","all":false,"statementMap":{"0":{"start":{"line":1,"column":0},"end":{"line":1,"column":75}},"7":{"start":{"line":8,"column":0},"end":{"line":8,"column":66}},"8":{"start":{"line":9,"column":0},"end":{"line":9,"column":42}},"9":{"start":{"line":10,"column":0},"end":{"line":10,"column":33}},"10":{"start":{"line":11,"column":0},"end":{"line":11,"column":3}},"12":{"start":{"line":13,"column":0},"end":{"line":13,"column":9}},"13":{"start":{"line":14,"column":0},"end":{"line":14,"column":9}},"14":{"start":{"line":15,"column":0},"end":{"line":15,"column":27}},"15":{"start":{"line":16,"column":0},"end":{"line":16,"column":13}},"16":{"start":{"line":17,"column":0},"end":{"line":17,"column":24}},"17":{"start":{"line":18,"column":0},"end":{"line":18,"column":30}},"19":{"start":{"line":20,"column":0},"end":{"line":20,"column":10}},"20":{"start":{"line":21,"column":0},"end":{"line":21,"column":49}},"21":{"start":{"line":22,"column":0},"end":{"line":22,"column":21}},"22":{"start":{"line":23,"column":0},"end":{"line":23,"column":43}},"23":{"start":{"line":24,"column":0},"end":{"line":24,"column":61}},"24":{"start":{"line":25,"column":0},"end":{"line":25,"column":99}},"25":{"start":{"line":26,"column":0},"end":{"line":26,"column":78}},"26":{"start":{"line":27,"column":0},"end":{"line":27,"column":65}},"27":{"start":{"line":28,"column":0},"end":{"line":28,"column":13}},"28":{"start":{"line":29,"column":0},"end":{"line":29,"column":31}},"29":{"start":{"line":30,"column":0},"end":{"line":30,"column":14}},"30":{"start":{"line":31,"column":0},"end":{"line":31,"column":47}},"31":{"start":{"line":32,"column":0},"end":{"line":32,"column":47}},"32":{"start":{"line":33,"column":0},"end":{"line":33,"column":15}},"33":{"start":{"line":34,"column":0},"end":{"line":34,"column":15}},"34":{"start":{"line":35,"column":0},"end":{"line":35,"column":14}},"36":{"start":{"line":37,"column":0},"end":{"line":37,"column":91}},"37":{"start":{"line":38,"column":0},"end":{"line":38,"column":10}},"39":{"start":{"line":40,"column":0},"end":{"line":40,"column":1}}},"s":{"0":1,"7":3,"8":3,"9":0,"10":0,"12":3,"13":3,"14":3,"15":3,"16":3,"17":3,"19":3,"20":3,"21":3,"22":3,"23":3,"24":3,"25":3,"26":3,"27":1,"28":1,"29":1,"30":1,"31":1,"32":1,"33":1,"34":1,"36":3,"37":3,"39":3},"branchMap":{"0":{"type":"branch","line":8,"loc":{"start":{"line":8,"column":0},"end":{"line":40,"column":1}},"locations":[{"start":{"line":8,"column":0},"end":{"line":40,"column":1}}]},"1":{"type":"branch","line":9,"loc":{"start":{"line":9,"column":41},"end":{"line":11,"column":3}},"locations":[{"start":{"line":9,"column":41},"end":{"line":11,"column":3}}]},"2":{"type":"branch","line":24,"loc":{"start":{"line":24,"column":20},"end":{"line":24,"column":47}},"locations":[{"start":{"line":24,"column":20},"end":{"line":24,"column":47}}]},"3":{"type":"branch","line":24,"loc":{"start":{"line":24,"column":40},"end":{"line":24,"column":57}},"locations":[{"start":{"line":24,"column":40},"end":{"line":24,"column":57}}]},"4":{"type":"branch","line":25,"loc":{"start":{"line":25,"column":7},"end":{"line":25,"column":43}},"locations":[{"start":{"line":25,"column":7},"end":{"line":25,"column":43}}]},"5":{"type":"branch","line":25,"loc":{"start":{"line":25,"column":17},"end":{"line":25,"column":99}},"locations":[{"start":{"line":25,"column":17},"end":{"line":25,"column":99}}]},"6":{"type":"branch","line":26,"loc":{"start":{"line":26,"column":7},"end":{"line":26,"column":29}},"locations":[{"start":{"line":26,"column":7},"end":{"line":26,"column":29}}]},"7":{"type":"branch","line":26,"loc":{"start":{"line":26,"column":17},"end":{"line":26,"column":78}},"locations":[{"start":{"line":26,"column":17},"end":{"line":26,"column":78}}]},"8":{"type":"branch","line":27,"loc":{"start":{"line":27,"column":7},"end":{"line":27,"column":65}},"locations":[{"start":{"line":27,"column":7},"end":{"line":27,"column":65}}]},"9":{"type":"branch","line":27,"loc":{"start":{"line":27,"column":59},"end":{"line":35,"column":14}},"locations":[{"start":{"line":27,"column":59},"end":{"line":35,"column":14}}]},"10":{"type":"branch","line":31,"loc":{"start":{"line":31,"column":37},"end":{"line":32,"column":47}},"locations":[{"start":{"line":31,"column":37},"end":{"line":32,"column":47}}]}},"b":{"0":[3],"1":[0],"2":[2],"3":[1],"4":[2],"5":[0],"6":[2],"7":[0],"8":[2],"9":[1],"10":[1]},"fnMap":{"0":{"name":"Details","decl":{"start":{"line":8,"column":0},"end":{"line":40,"column":1}},"loc":{"start":{"line":8,"column":0},"end":{"line":40,"column":1}},"line":8}},"f":{"0":3}}
,"D:\\Frontend\\Progect\\rss2023\\react2024q3\\src\\services\\Stapi.tsx": {"path":"D:\\Frontend\\Progect\\rss2023\\react2024q3\\src\\services\\Stapi.tsx","all":false,"statementMap":{"0":{"start":{"line":1,"column":0},"end":{"line":1,"column":44}},"1":{"start":{"line":2,"column":0},"end":{"line":2,"column":40}},"3":{"start":{"line":4,"column":0},"end":{"line":4,"column":50}},"4":{"start":{"line":5,"column":0},"end":{"line":5,"column":42}},"5":{"start":{"line":6,"column":0},"end":{"line":6,"column":44}},"16":{"start":{"line":17,"column":0},"end":{"line":17,"column":45}},"17":{"start":{"line":18,"column":0},"end":{"line":18,"column":14}},"18":{"start":{"line":19,"column":0},"end":{"line":19,"column":14}},"19":{"start":{"line":20,"column":0},"end":{"line":20,"column":14}},"20":{"start":{"line":21,"column":0},"end":{"line":21,"column":13}},"21":{"start":{"line":22,"column":0},"end":{"line":22,"column":39}},"22":{"start":{"line":23,"column":0},"end":{"line":23,"column":41}},"23":{"start":{"line":24,"column":0},"end":{"line":24,"column":30}},"24":{"start":{"line":25,"column":0},"end":{"line":25,"column":29}},"25":{"start":{"line":26,"column":0},"end":{"line":26,"column":83}},"26":{"start":{"line":27,"column":0},"end":{"line":27,"column":81}},"27":{"start":{"line":28,"column":0},"end":{"line":28,"column":120}},"29":{"start":{"line":30,"column":0},"end":{"line":30,"column":19}},"30":{"start":{"line":31,"column":0},"end":{"line":31,"column":50}},"31":{"start":{"line":32,"column":0},"end":{"line":32,"column":39}},"32":{"start":{"line":33,"column":0},"end":{"line":33,"column":41}},"33":{"start":{"line":34,"column":0},"end":{"line":34,"column":5}},"34":{"start":{"line":35,"column":0},"end":{"line":35,"column":46}},"36":{"start":{"line":37,"column":0},"end":{"line":37,"column":49}},"37":{"start":{"line":38,"column":0},"end":{"line":38,"column":77}},"39":{"start":{"line":40,"column":0},"end":{"line":40,"column":61}},"40":{"start":{"line":41,"column":0},"end":{"line":41,"column":26}},"41":{"start":{"line":42,"column":0},"end":{"line":42,"column":79}},"42":{"start":{"line":43,"column":0},"end":{"line":43,"column":12}},"43":{"start":{"line":44,"column":0},"end":{"line":44,"column":52}},"44":{"start":{"line":45,"column":0},"end":{"line":45,"column":5}},"45":{"start":{"line":46,"column":0},"end":{"line":46,"column":4}},"47":{"start":{"line":48,"column":0},"end":{"line":48,"column":49}},"48":{"start":{"line":49,"column":0},"end":{"line":49,"column":9}},"49":{"start":{"line":50,"column":0},"end":{"line":50,"column":85}},"50":{"start":{"line":51,"column":0},"end":{"line":51,"column":21}},"51":{"start":{"line":52,"column":0},"end":{"line":52,"column":50}},"52":{"start":{"line":53,"column":0},"end":{"line":53,"column":5}},"53":{"start":{"line":54,"column":0},"end":{"line":54,"column":4}},"55":{"start":{"line":56,"column":0},"end":{"line":56,"column":39}},"56":{"start":{"line":57,"column":0},"end":{"line":57,"column":40}},"57":{"start":{"line":58,"column":0},"end":{"line":58,"column":52}},"58":{"start":{"line":59,"column":0},"end":{"line":59,"column":7}},"59":{"start":{"line":60,"column":0},"end":{"line":60,"column":4}},"61":{"start":{"line":62,"column":0},"end":{"line":62,"column":42}},"62":{"start":{"line":63,"column":0},"end":{"line":63,"column":24}},"63":{"start":{"line":64,"column":0},"end":{"line":64,"column":25}},"64":{"start":{"line":65,"column":0},"end":{"line":65,"column":74}},"65":{"start":{"line":66,"column":0},"end":{"line":66,"column":4}},"67":{"start":{"line":68,"column":0},"end":{"line":68,"column":43}},"68":{"start":{"line":69,"column":0},"end":{"line":69,"column":41}},"69":{"start":{"line":70,"column":0},"end":{"line":70,"column":55}},"70":{"start":{"line":71,"column":0},"end":{"line":71,"column":7}},"71":{"start":{"line":72,"column":0},"end":{"line":72,"column":4}},"73":{"start":{"line":74,"column":0},"end":{"line":74,"column":35}},"74":{"start":{"line":75,"column":0},"end":{"line":75,"column":27}},"75":{"start":{"line":76,"column":0},"end":{"line":76,"column":4}},"77":{"start":{"line":78,"column":0},"end":{"line":78,"column":10}},"78":{"start":{"line":79,"column":0},"end":{"line":79,"column":37}},"79":{"start":{"line":80,"column":0},"end":{"line":80,"column":55}},"80":{"start":{"line":81,"column":0},"end":{"line":81,"column":40}},"81":{"start":{"line":82,"column":0},"end":{"line":82,"column":88}},"83":{"start":{"line":84,"column":0},"end":{"line":84,"column":51}},"84":{"start":{"line":85,"column":0},"end":{"line":85,"column":54}},"85":{"start":{"line":86,"column":0},"end":{"line":86,"column":35}},"87":{"start":{"line":88,"column":0},"end":{"line":88,"column":59}},"88":{"start":{"line":89,"column":0},"end":{"line":89,"column":18}},"89":{"start":{"line":90,"column":0},"end":{"line":90,"column":29}},"90":{"start":{"line":91,"column":0},"end":{"line":91,"column":47}},"91":{"start":{"line":92,"column":0},"end":{"line":92,"column":29}},"92":{"start":{"line":93,"column":0},"end":{"line":93,"column":28}},"93":{"start":{"line":94,"column":0},"end":{"line":94,"column":52}},"94":{"start":{"line":95,"column":0},"end":{"line":95,"column":35}},"95":{"start":{"line":96,"column":0},"end":{"line":96,"column":61}},"96":{"start":{"line":97,"column":0},"end":{"line":97,"column":43}},"97":{"start":{"line":98,"column":0},"end":{"line":98,"column":21}},"98":{"start":{"line":99,"column":0},"end":{"line":99,"column":20}},"100":{"start":{"line":101,"column":0},"end":{"line":101,"column":35}},"101":{"start":{"line":102,"column":0},"end":{"line":102,"column":57}},"102":{"start":{"line":103,"column":0},"end":{"line":103,"column":79}},"103":{"start":{"line":104,"column":0},"end":{"line":104,"column":22}},"104":{"start":{"line":105,"column":0},"end":{"line":105,"column":33}},"105":{"start":{"line":106,"column":0},"end":{"line":106,"column":45}},"106":{"start":{"line":107,"column":0},"end":{"line":107,"column":60}},"107":{"start":{"line":108,"column":0},"end":{"line":108,"column":54}},"108":{"start":{"line":109,"column":0},"end":{"line":109,"column":18}},"109":{"start":{"line":110,"column":0},"end":{"line":110,"column":20}},"110":{"start":{"line":111,"column":0},"end":{"line":111,"column":14}},"112":{"start":{"line":113,"column":0},"end":{"line":113,"column":14}},"113":{"start":{"line":114,"column":0},"end":{"line":114,"column":72}},"114":{"start":{"line":115,"column":0},"end":{"line":115,"column":12}},"115":{"start":{"line":116,"column":0},"end":{"line":116,"column":41}},"116":{"start":{"line":117,"column":0},"end":{"line":117,"column":39}},"117":{"start":{"line":118,"column":0},"end":{"line":118,"column":76}},"119":{"start":{"line":120,"column":0},"end":{"line":120,"column":12}},"120":{"start":{"line":121,"column":0},"end":{"line":121,"column":10}},"122":{"start":{"line":123,"column":0},"end":{"line":123,"column":1}}},"s":{"0":1,"1":1,"3":1,"4":1,"5":1,"16":10,"17":10,"18":10,"19":10,"20":10,"21":10,"22":10,"23":10,"24":10,"25":10,"26":10,"27":10,"29":10,"30":7,"31":1,"32":1,"33":1,"34":10,"36":10,"37":9,"39":10,"40":1,"41":0,"42":1,"43":1,"44":1,"45":1,"47":10,"48":1,"49":1,"50":1,"51":0,"52":0,"53":1,"55":10,"56":1,"57":0,"58":1,"59":1,"61":10,"62":1,"63":1,"64":1,"65":1,"67":10,"68":1,"69":0,"70":1,"71":1,"73":10,"74":0,"75":0,"77":10,"78":10,"79":10,"80":10,"81":1,"83":10,"84":10,"85":2,"87":8,"88":8,"89":8,"90":8,"91":8,"92":8,"93":8,"94":8,"95":0,"96":0,"97":0,"98":0,"100":8,"101":8,"102":8,"103":8,"104":8,"105":8,"106":8,"107":8,"108":8,"109":8,"110":8,"112":10,"113":10,"114":10,"115":10,"116":10,"117":1,"119":10,"120":10,"122":10},"branchMap":{"0":{"type":"branch","line":17,"loc":{"start":{"line":17,"column":0},"end":{"line":123,"column":1}},"locations":[{"start":{"line":17,"column":0},"end":{"line":123,"column":1}}]},"1":{"type":"branch","line":81,"loc":{"start":{"line":81,"column":34},"end":{"line":82,"column":88}},"locations":[{"start":{"line":81,"column":34},"end":{"line":82,"column":88}}]},"2":{"type":"branch","line":85,"loc":{"start":{"line":85,"column":49},"end":{"line":86,"column":35}},"locations":[{"start":{"line":85,"column":49},"end":{"line":86,"column":35}}]},"3":{"type":"branch","line":86,"loc":{"start":{"line":86,"column":31},"end":{"line":111,"column":14}},"locations":[{"start":{"line":86,"column":31},"end":{"line":111,"column":14}}]},"4":{"type":"branch","line":117,"loc":{"start":{"line":117,"column":9},"end":{"line":117,"column":39}},"locations":[{"start":{"line":117,"column":9},"end":{"line":117,"column":39}}]},"5":{"type":"branch","line":117,"loc":{"start":{"line":117,"column":23},"end":{"line":118,"column":76}},"locations":[{"start":{"line":117,"column":23},"end":{"line":118,"column":76}}]},"6":{"type":"branch","line":30,"loc":{"start":{"line":30,"column":12},"end":{"line":35,"column":5}},"locations":[{"start":{"line":30,"column":12},"end":{"line":35,"column":5}}]},"7":{"type":"branch","line":31,"loc":{"start":{"line":31,"column":8},"end":{"line":31,"column":49}},"locations":[{"start":{"line":31,"column":8},"end":{"line":31,"column":49}}]},"8":{"type":"branch","line":31,"loc":{"start":{"line":31,"column":49},"end":{"line":34,"column":5}},"locations":[{"start":{"line":31,"column":49},"end":{"line":34,"column":5}}]},"9":{"type":"branch","line":37,"loc":{"start":{"line":37,"column":21},"end":{"line":38,"column":77}},"locations":[{"start":{"line":37,"column":21},"end":{"line":38,"column":77}}]},"10":{"type":"branch","line":38,"loc":{"start":{"line":38,"column":25},"end":{"line":38,"column":75}},"locations":[{"start":{"line":38,"column":25},"end":{"line":38,"column":75}}]},"11":{"type":"branch","line":40,"loc":{"start":{"line":40,"column":31},"end":{"line":46,"column":4}},"locations":[{"start":{"line":40,"column":31},"end":{"line":46,"column":4}}]},"12":{"type":"branch","line":41,"loc":{"start":{"line":41,"column":25},"end":{"line":43,"column":11}},"locations":[{"start":{"line":41,"column":25},"end":{"line":43,"column":11}}]},"13":{"type":"branch","line":48,"loc":{"start":{"line":48,"column":26},"end":{"line":54,"column":4}},"locations":[{"start":{"line":48,"column":26},"end":{"line":54,"column":4}}]},"14":{"type":"branch","line":51,"loc":{"start":{"line":51,"column":4},"end":{"line":53,"column":5}},"locations":[{"start":{"line":51,"column":4},"end":{"line":53,"column":5}}]},"15":{"type":"branch","line":56,"loc":{"start":{"line":56,"column":22},"end":{"line":60,"column":4}},"locations":[{"start":{"line":56,"column":22},"end":{"line":60,"column":4}}]},"16":{"type":"branch","line":62,"loc":{"start":{"line":62,"column":29},"end":{"line":66,"column":4}},"locations":[{"start":{"line":62,"column":29},"end":{"line":66,"column":4}}]},"17":{"type":"branch","line":68,"loc":{"start":{"line":68,"column":36},"end":{"line":72,"column":4}},"locations":[{"start":{"line":68,"column":36},"end":{"line":72,"column":4}}]},"18":{"type":"branch","line":88,"loc":{"start":{"line":88,"column":29},"end":{"line":110,"column":20}},"locations":[{"start":{"line":88,"column":29},"end":{"line":110,"column":20}}]},"19":{"type":"branch","line":103,"loc":{"start":{"line":103,"column":58},"end":{"line":103,"column":75}},"locations":[{"start":{"line":103,"column":58},"end":{"line":103,"column":75}}]},"20":{"type":"branch","line":94,"loc":{"start":{"line":94,"column":25},"end":{"line":94,"column":52}},"locations":[{"start":{"line":94,"column":25},"end":{"line":94,"column":52}}]},"21":{"type":"branch","line":107,"loc":{"start":{"line":107,"column":28},"end":{"line":107,"column":60}},"locations":[{"start":{"line":107,"column":28},"end":{"line":107,"column":60}}]},"22":{"type":"branch","line":108,"loc":{"start":{"line":108,"column":27},"end":{"line":108,"column":54}},"locations":[{"start":{"line":108,"column":27},"end":{"line":108,"column":54}}]}},"b":{"0":[10],"1":[1],"2":[2],"3":[8],"4":[1],"5":[1],"6":[7],"7":[1],"8":[1],"9":[9],"10":[1],"11":[1],"12":[0],"13":[1],"14":[0],"15":[1],"16":[1],"17":[1],"18":[8],"19":[0],"20":[1],"21":[1],"22":[1]},"fnMap":{"0":{"name":"AstronomicalObjects","decl":{"start":{"line":17,"column":0},"end":{"line":123,"column":1}},"loc":{"start":{"line":17,"column":0},"end":{"line":123,"column":1}},"line":17},"1":{"name":"isSelected","decl":{"start":{"line":37,"column":21},"end":{"line":38,"column":77}},"loc":{"start":{"line":37,"column":21},"end":{"line":38,"column":77}},"line":37},"2":{"name":"handleCheckboxChange","decl":{"start":{"line":40,"column":31},"end":{"line":46,"column":4}},"loc":{"start":{"line":40,"column":31},"end":{"line":46,"column":4}},"line":40},"3":{"name":"handleCardClick","decl":{"start":{"line":48,"column":26},"end":{"line":54,"column":4}},"loc":{"start":{"line":48,"column":26},"end":{"line":54,"column":4}},"line":48},"4":{"name":"handleClick","decl":{"start":{"line":56,"column":22},"end":{"line":60,"column":4}},"loc":{"start":{"line":56,"column":22},"end":{"line":60,"column":4}},"line":56},"5":{"name":"handleCloseDetails","decl":{"start":{"line":62,"column":29},"end":{"line":66,"column":4}},"loc":{"start":{"line":62,"column":29},"end":{"line":66,"column":4}},"line":62},"6":{"name":"handleCloseDetailsWrapper","decl":{"start":{"line":68,"column":36},"end":{"line":72,"column":4}},"loc":{"start":{"line":68,"column":36},"end":{"line":72,"column":4}},"line":68},"7":{"name":"handleUnselectAll","decl":{"start":{"line":74,"column":28},"end":{"line":76,"column":4}},"loc":{"start":{"line":74,"column":28},"end":{"line":76,"column":4}},"line":74},"8":{"name":"onClick","decl":{"start":{"line":94,"column":25},"end":{"line":94,"column":52}},"loc":{"start":{"line":94,"column":25},"end":{"line":94,"column":52}},"line":94},"9":{"name":"onKeyDown","decl":{"start":{"line":95,"column":27},"end":{"line":99,"column":20}},"loc":{"start":{"line":95,"column":27},"end":{"line":99,"column":20}},"line":95},"10":{"name":"onChange","decl":{"start":{"line":107,"column":28},"end":{"line":107,"column":60}},"loc":{"start":{"line":107,"column":28},"end":{"line":107,"column":60}},"line":107},"11":{"name":"onClick","decl":{"start":{"line":108,"column":27},"end":{"line":108,"column":54}},"loc":{"start":{"line":108,"column":27},"end":{"line":108,"column":54}},"line":108}},"f":{"0":10,"1":9,"2":1,"3":1,"4":1,"5":1,"6":1,"7":0,"8":1,"9":0,"10":1,"11":1}}
,"D:\\Frontend\\Progect\\rss2023\\react2024q3\\src\\services\\astronomicalObjectsApi.tsx": {"path":"D:\\Frontend\\Progect\\rss2023\\react2024q3\\src\\services\\astronomicalObjectsApi.tsx","all":false,"statementMap":{"0":{"start":{"line":1,"column":0},"end":{"line":1,"column":0}},"1":{"start":{"line":2,"column":0},"end":{"line":2,"column":73}},"32":{"start":{"line":33,"column":0},"end":{"line":33,"column":78}},"34":{"start":{"line":35,"column":0},"end":{"line":35,"column":42}},"35":{"start":{"line":36,"column":0},"end":{"line":36,"column":40}},"36":{"start":{"line":37,"column":0},"end":{"line":37,"column":12}},"37":{"start":{"line":38,"column":0},"end":{"line":38,"column":28}},"38":{"start":{"line":39,"column":0},"end":{"line":39,"column":112}},"39":{"start":{"line":40,"column":0},"end":{"line":40,"column":42}},"40":{"start":{"line":41,"column":0},"end":{"line":41,"column":64}},"41":{"start":{"line":42,"column":0},"end":{"line":42,"column":23}},"42":{"start":{"line":43,"column":0},"end":{"line":43,"column":18}},"43":{"start":{"line":44,"column":0},"end":{"line":44,"column":39}},"44":{"start":{"line":45,"column":0},"end":{"line":45,"column":62}},"45":{"start":{"line":46,"column":0},"end":{"line":46,"column":10}},"46":{"start":{"line":47,"column":0},"end":{"line":47,"column":36}},"47":{"start":{"line":48,"column":0},"end":{"line":48,"column":9}},"48":{"start":{"line":49,"column":0},"end":{"line":49,"column":7}},"49":{"start":{"line":50,"column":0},"end":{"line":50,"column":94}},"50":{"start":{"line":51,"column":0},"end":{"line":51,"column":54}},"51":{"start":{"line":52,"column":0},"end":{"line":52,"column":7}},"52":{"start":{"line":53,"column":0},"end":{"line":53,"column":5}},"53":{"start":{"line":54,"column":0},"end":{"line":54,"column":3}},"56":{"start":{"line":57,"column":0},"end":{"line":57,"column":38}}},"s":{"0":1,"1":1,"32":1,"34":1,"35":1,"36":1,"37":1,"38":1,"39":1,"40":0,"41":0,"42":0,"43":0,"44":0,"45":0,"46":0,"47":0,"48":1,"49":1,"50":1,"51":1,"52":1,"53":1,"56":1},"branchMap":{"0":{"type":"branch","line":38,"loc":{"start":{"line":38,"column":13},"end":{"line":53,"column":5}},"locations":[{"start":{"line":38,"column":13},"end":{"line":53,"column":5}}]}},"b":{"0":[1]},"fnMap":{"0":{"name":"endpoints","decl":{"start":{"line":38,"column":13},"end":{"line":53,"column":5}},"loc":{"start":{"line":38,"column":13},"end":{"line":53,"column":5}},"line":38},"1":{"name":"query","decl":{"start":{"line":40,"column":13},"end":{"line":48,"column":9}},"loc":{"start":{"line":40,"column":13},"end":{"line":48,"column":9}},"line":40},"2":{"name":"query","decl":{"start":{"line":51,"column":13},"end":{"line":51,"column":54}},"loc":{"start":{"line":51,"column":13},"end":{"line":51,"column":54}},"line":51}},"f":{"0":1,"1":0,"2":0}}
}
